[0m[[0m[0mdebug[0m] [0m[0m> Exec(early(addDefaultCommands), None, None)[0m
[0m[[0m[0mdebug[0m] [0m[0m> Exec(addDefaultCommands, None, None)[0m
[0m[[0m[0mdebug[0m] [0m[0m> Exec(early(initialize), None, None)[0m
[0m[[0m[0mdebug[0m] [0m[0m> Exec(initialize, None, None)[0m
[0m[[0m[0mdebug[0m] [0m[0m> Exec(boot, None, None)[0m
[0m[[0m[0mdebug[0m] [0m[0m> Exec(writeSbtVersion, None, None)[0m
[0m[[0m[0mdebug[0m] [0m[0m> Exec(reload, None, None)[0m
[0m[[0m[0mdebug[0m] [0m[0m> Exec(sbtStashOnFailure, None, None)[0m
[0m[[0m[0mdebug[0m] [0m[0m> Exec(onFailure loadFailed, None, None)[0m
[0m[[0m[0mdebug[0m] [0m[0m> Exec(loadp, None, None)[0m
[0m[[0m[0minfo[0m] [0m[0mwelcome to sbt 1.7.2 (Oracle Corporation Java 11.0.17)[0m
[0m[[0m[0mdebug[0m] [0m[0m      Load.loadUnit: plugins took 100.7276ms[0m
[0m[[0m[0mdebug[0m] [0m[0m      Load.loadUnit: defsScala took 0.3895ms[0m
[0m[[0m[0mdebug[0m] [0m[0m[Loading] Scanning directory C:\Users\vanja\.sbt\1.0\plugins[0m
[0m[[0m[0mdebug[0m] [0m[0m[Loading] Found non-root projects [0m
[0m[[0m[0mdebug[0m] [0m[0m[Loading] Done in C:\Users\vanja\.sbt\1.0\plugins, returning: ()[0m
[0m[[0m[0mdebug[0m] [0m[0mdeducing auto plugins based on known facts Set(Atom(sbt.plugins.CorePlugin)) and clauses Clauses(Clause(Atom(sbt.plugins.JvmPlugin),Set(Atom(sbt.plugins.IvyPlugin)))[0m
[0m[[0m[0mdebug[0m] [0m[0mClause(Atom(sbt.ScriptedPlugin),Set(Atom(sbt.plugins.JvmPlugin)))[0m
[0m[[0m[0mdebug[0m] [0m[0mClause(Atom(sbt.plugins.SbtPlugin),Set(Atom(sbt.ScriptedPlugin)))[0m
[0m[[0m[0mdebug[0m] [0m[0mClause(Atom(sbt.plugins.SemanticdbPlugin),Set(Atom(sbt.plugins.JvmPlugin)))[0m
[0m[[0m[0mdebug[0m] [0m[0mClause(Atom(sbt.plugins.JUnitXmlReportPlugin),Set(Atom(sbt.plugins.JvmPlugin)))[0m
[0m[[0m[0mdebug[0m] [0m[0mClause(Atom(sbt.plugins.MiniDependencyTreePlugin),Set(Atom(sbt.plugins.JvmPlugin)))[0m
[0m[[0m[0mdebug[0m] [0m[0mClause(Atom(sbt.plugins.CorePlugin),Set(Atom(sbt.plugins.IvyPlugin)))[0m
[0m[[0m[0mdebug[0m] [0m[0mClause(Atom(sbt.plugins.IvyPlugin),Set(Atom(sbt.plugins.JvmPlugin)))[0m
[0m[[0m[0mdebug[0m] [0m[0mClause(Atom(sbt.plugins.JvmPlugin),Set(Atom(sbt.plugins.SemanticdbPlugin)))[0m
[0m[[0m[0mdebug[0m] [0m[0mClause(Atom(sbt.plugins.JvmPlugin),Set(Atom(sbt.plugins.JUnitXmlReportPlugin)))[0m
[0m[[0m[0mdebug[0m] [0m[0mClause(Atom(sbt.plugins.CorePlugin),Set(Atom(sbt.plugins.Giter8TemplatePlugin)))[0m
[0m[[0m[0mdebug[0m] [0m[0mClause(Atom(sbt.plugins.JvmPlugin),Set(Atom(sbt.plugins.MiniDependencyTreePlugin))))[0m
[0m[[0m[0mdebug[0m] [0m[0m  :: deduced result: Matched(sbt.plugins.CorePlugin,sbt.plugins.Giter8TemplatePlugin,sbt.plugins.IvyPlugin,sbt.plugins.JvmPlugin,sbt.plugins.MiniDependencyTreePlugin,sbt.plugins.JUnitXmlReportPlugin,sbt.plugins.SemanticdbPlugin)[0m
[0m[[0m[0mdebug[0m] [0m[0mPlugins.deducer#function took 30.6696 ms[0m
[0m[[0m[0mdebug[0m] [0m[0m          Load.resolveProject(global-plugins) took 73.973ms[0m
[0m[[0m[0mdebug[0m] [0m[0m        Load.loadTransitive: finalizeProject(Project(id global-plugins, base: C:\Users\vanja\.sbt\1.0\plugins, plugins: List(<none>))) took 145.6319ms[0m
[0m[[0m[0mdebug[0m] [0m[0m[Loading] Done in C:\Users\vanja\.sbt\1.0\plugins, returning: (global-plugins)[0m
[0m[[0m[0mdebug[0m] [0m[0m      Load.loadUnit: loadedProjectsRaw took 206.8494ms[0m
[0m[[0m[0mdebug[0m] [0m[0m      Load.loadUnit: cleanEvalClasses took 0.3868ms[0m
[0m[[0m[0mdebug[0m] [0m[0m    Load.loadUnit(file:/C:/Users/vanja/.sbt/1.0/plugins/, ...) took 321.5122ms[0m
[0m[[0m[0mdebug[0m] [0m[0m  Load.apply: load took 559.8837ms[0m
[0m[[0m[0mdebug[0m] [0m[0m  Load.apply: resolveProjects took 7.6594ms[0m
[0m[[0m[0mdebug[0m] [0m[0m  Load.apply: finalTransforms took 56.6513ms[0m
[0m[[0m[0mdebug[0m] [0m[0m  Load.apply: config.delegates took 6.6676ms[0m
[0m[[0m[0mdebug[0m] [0m[0m  Load.apply: Def.make(settings)... took 359.231ms[0m
[0m[[0m[0mdebug[0m] [0m[0m  Load.apply: structureIndex took 86.4444ms[0m
[0m[[0m[0mdebug[0m] [0m[0m  Load.apply: mkStreams took 2.5886ms[0m
[0m[[0m[0minfo[0m] [0m[0mloading global plugins from C:\Users\vanja\.sbt\1.0\plugins[0m
[0m[[0m[0mdebug[0m] [0m[0mRunning task... Cancel: Signal, check cycles: false, forcegc: true[0m
[0m[[0m[0mdebug[0m] [0m[0mLoad.defaultLoad until apply took 2550.2789ms[0m
[0m[[0m[0mdebug[0m] [0m[0m          Load.loadUnit: plugins took 24.9489ms[0m
[0m[[0m[0mdebug[0m] [0m[0m          Load.loadUnit: defsScala took 0.0085ms[0m
[0m[[0m[0mdebug[0m] [0m[0m[Loading] Scanning directory C:\Users\vanja\Desktop\diplomski\animalAdoption\animalAdoptionBackend\project[0m
[0m[[0m[0mdebug[0m] [0m[0m            Load.loadUnit: mkEval took 8.0451ms[0m
[0m[[0m[0mdebug[0m] [0m[0m[Loading] Found non-root projects [0m
[0m[[0m[0mdebug[0m] [0m[0m[Loading] Done in C:\Users\vanja\Desktop\diplomski\animalAdoption\animalAdoptionBackend\project, returning: ()[0m
[0m[[0m[0mdebug[0m] [0m[0mdeducing auto plugins based on known facts Set(Atom(sbt.plugins.CorePlugin)) and clauses Clauses(Clause(Atom(sbt.plugins.JvmPlugin),Set(Atom(sbt.plugins.IvyPlugin)))[0m
[0m[[0m[0mdebug[0m] [0m[0mClause(Atom(sbt.ScriptedPlugin),Set(Atom(sbt.plugins.JvmPlugin)))[0m
[0m[[0m[0mdebug[0m] [0m[0mClause(Atom(sbt.plugins.SbtPlugin),Set(Atom(sbt.ScriptedPlugin)))[0m
[0m[[0m[0mdebug[0m] [0m[0mClause(Atom(sbt.plugins.SemanticdbPlugin),Set(Atom(sbt.plugins.JvmPlugin)))[0m
[0m[[0m[0mdebug[0m] [0m[0mClause(Atom(sbt.plugins.JUnitXmlReportPlugin),Set(Atom(sbt.plugins.JvmPlugin)))[0m
[0m[[0m[0mdebug[0m] [0m[0mClause(Atom(sbt.plugins.MiniDependencyTreePlugin),Set(Atom(sbt.plugins.JvmPlugin)))[0m
[0m[[0m[0mdebug[0m] [0m[0mClause(Atom(sbt.plugins.CorePlugin),Set(Atom(sbt.plugins.IvyPlugin)))[0m
[0m[[0m[0mdebug[0m] [0m[0mClause(Atom(sbt.plugins.IvyPlugin),Set(Atom(sbt.plugins.JvmPlugin)))[0m
[0m[[0m[0mdebug[0m] [0m[0mClause(Atom(sbt.plugins.JvmPlugin),Set(Atom(sbt.plugins.SemanticdbPlugin)))[0m
[0m[[0m[0mdebug[0m] [0m[0mClause(Atom(sbt.plugins.JvmPlugin),Set(Atom(sbt.plugins.JUnitXmlReportPlugin)))[0m
[0m[[0m[0mdebug[0m] [0m[0mClause(Atom(sbt.plugins.CorePlugin),Set(Atom(sbt.plugins.Giter8TemplatePlugin)))[0m
[0m[[0m[0mdebug[0m] [0m[0mClause(Atom(sbt.plugins.JvmPlugin),Set(Atom(sbt.plugins.MiniDependencyTreePlugin))))[0m
[0m[[0m[0mdebug[0m] [0m[0m  :: deduced result: Matched(sbt.plugins.CorePlugin,sbt.plugins.Giter8TemplatePlugin,sbt.plugins.IvyPlugin,sbt.plugins.JvmPlugin,sbt.plugins.MiniDependencyTreePlugin,sbt.plugins.JUnitXmlReportPlugin,sbt.plugins.SemanticdbPlugin)[0m
[0m[[0m[0mdebug[0m] [0m[0mPlugins.deducer#function took 1.3089 ms[0m
[0m[[0m[0minfo[0m] [0m[0mloading settings for project animaladoptionbackend-build from plugins.sbt ...[0m
[0m[[0m[0mdebug[0m] [0m[0m              Load.resolveProject(animaladoptionbackend-build) took 3.9478ms[0m
[0m[[0m[0mdebug[0m] [0m[0m            Load.loadTransitive: finalizeProject(Project(id animaladoptionbackend-build, base: C:\Users\vanja\Desktop\diplomski\animalAdoption\animalAdoptionBackend\project, plugins: List(<none>))) took 5.7221ms[0m
[0m[[0m[0mdebug[0m] [0m[0m[Loading] Done in C:\Users\vanja\Desktop\diplomski\animalAdoption\animalAdoptionBackend\project, returning: (animaladoptionbackend-build)[0m
[0m[[0m[0mdebug[0m] [0m[0m          Load.loadUnit: loadedProjectsRaw took 156.1418ms[0m
[0m[[0m[0mdebug[0m] [0m[0m          Load.loadUnit: cleanEvalClasses took 4.0892ms[0m
[0m[[0m[0mdebug[0m] [0m[0m        Load.loadUnit(file:/C:/Users/vanja/Desktop/diplomski/animalAdoption/animalAdoptionBackend/project/, ...) took 186.3735ms[0m
[0m[[0m[0mdebug[0m] [0m[0m      Load.apply: load took 187.6972ms[0m
[0m[[0m[0mdebug[0m] [0m[0m      Load.apply: resolveProjects took 0.1097ms[0m
[0m[[0m[0mdebug[0m] [0m[0m      Load.apply: finalTransforms took 9.8365ms[0m
[0m[[0m[0mdebug[0m] [0m[0m      Load.apply: config.delegates took 0.3246ms[0m
[0m[[0m[0mdebug[0m] [0m[0m      Load.apply: Def.make(settings)... took 70.2135ms[0m
[0m[[0m[0mdebug[0m] [0m[0m      Load.apply: structureIndex took 24.5902ms[0m
[0m[[0m[0mdebug[0m] [0m[0m      Load.apply: mkStreams took 0.0038ms[0m
[0m[[0m[0minfo[0m] [0m[0mloading project definition from C:\Users\vanja\Desktop\diplomski\animalAdoption\animalAdoptionBackend\project[0m
[0m[[0m[0mdebug[0m] [0m[0mRunning task... Cancel: Signal, check cycles: false, forcegc: true[0m
[0m[[0m[0mdebug[0m] [0m[0m    Load.loadUnit: plugins took 1341.7177ms[0m
[0m[[0m[0mdebug[0m] [0m[0m    Load.loadUnit: defsScala took 0.0032ms[0m
[0m[[0m[0mdebug[0m] [0m[0m[Loading] Scanning directory C:\Users\vanja\Desktop\diplomski\animalAdoption\animalAdoptionBackend[0m
[0m[[0m[0mdebug[0m] [0m[0m      Load.loadUnit: mkEval took 0.9015ms[0m
[0m[[0m[0mdebug[0m] [0m[0m[Loading] Found root project root w/ remaining [0m
[0m[[0m[0mdebug[0m] [0m[0mdeducing auto plugins based on known facts Set(Atom(play.sbt.PlayScala), Atom(sbt.plugins.CorePlugin)) and clauses Clauses(Clause(Atom(sbt.plugins.JvmPlugin),Set(Atom(sbt.plugins.IvyPlugin)))[0m
[0m[[0m[0mdebug[0m] [0m[0mClause(Atom(sbt.ScriptedPlugin),Set(Atom(sbt.plugins.JvmPlugin)))[0m
[0m[[0m[0mdebug[0m] [0m[0mClause(Atom(sbt.plugins.SbtPlugin),Set(Atom(sbt.ScriptedPlugin)))[0m
[0m[[0m[0mdebug[0m] [0m[0mClause(Atom(sbt.plugins.SemanticdbPlugin),Set(Atom(sbt.plugins.JvmPlugin)))[0m
[0m[[0m[0mdebug[0m] [0m[0mClause(Atom(sbt.plugins.JUnitXmlReportPlugin),Set(Atom(sbt.plugins.JvmPlugin)))[0m
[0m[[0m[0mdebug[0m] [0m[0mClause(Atom(sbt.plugins.MiniDependencyTreePlugin),Set(Atom(sbt.plugins.JvmPlugin)))[0m
[0m[[0m[0mdebug[0m] [0m[0mClause(Atom(play.sbt.Play),Set(Atom(play.sbt.routes.RoutesCompiler)))[0m
[0m[[0m[0mdebug[0m] [0m[0mClause(Atom(play.sbt.Play),Set(Atom(com.typesafe.sbt.jse.SbtJsTask)))[0m
[0m[[0m[0mdebug[0m] [0m[0mClause(Atom(play.sbt.Play),Set(Atom(com.typesafe.sbt.packager.archetypes.JavaServerAppPackaging)))[0m
[0m[[0m[0mdebug[0m] [0m[0mClause(Atom(play.sbt.Play),Set(Atom(play.twirl.sbt.SbtTwirl)))[0m
[0m[[0m[0mdebug[0m] [0m[0mClause(Atom(play.sbt.PlayAkkaHttp2Support),Set(Atom(play.sbt.PlayAkkaHttpServer)))[0m
[0m[[0m[0mdebug[0m] [0m[0mClause(Atom(play.sbt.PlayAkkaHttp2Support),Set(Atom(com.lightbend.sbt.javaagent.JavaAgent)))[0m
[0m[[0m[0mdebug[0m] [0m[0mClause(Atom(play.sbt.PlayAkkaHttpServer),Set(Atom(play.sbt.PlayService)))[0m
[0m[[0m[0mdebug[0m] [0m[0mClause(Atom(play.sbt.PlayFilters),Set(Atom(play.sbt.PlayWeb)))[0m
[0m[[0m[0mdebug[0m] [0m[0mClause(Atom(play.sbt.PlayJava),Set(Atom(play.sbt.PlayWeb)))[0m
[0m[[0m[0mdebug[0m] [0m[0mClause(Atom(play.sbt.PlayLayoutPlugin),Set(Atom(play.sbt.PlayWeb)))[0m
[0m[[0m[0mdebug[0m] [0m[0mClause(Atom(play.sbt.PlayLogback),Set(Atom(play.sbt.PlayService)))[0m
[0m[[0m[0mdebug[0m] [0m[0mClause(Atom(play.sbt.PlayMinimalJava),Set(Atom(play.sbt.PlayWeb)))[0m
[0m[[0m[0mdebug[0m] [0m[0mClause(Atom(play.sbt.PlayNettyServer),Set(Atom(play.sbt.PlayService)))[0m
[0m[[0m[0mdebug[0m] [0m[0mClause(Atom(play.sbt.PlayScala),Set(Atom(play.sbt.PlayWeb)))[0m
[0m[[0m[0mdebug[0m] [0m[0mClause(Atom(play.sbt.PlayService),Set(Atom(com.typesafe.sbt.packager.archetypes.JavaServerAppPackaging)))[0m
[0m[[0m[0mdebug[0m] [0m[0mClause(Atom(play.sbt.PlayWeb),Set(Atom(play.sbt.routes.RoutesCompiler)))[0m
[0m[[0m[0mdebug[0m] [0m[0mClause(Atom(play.sbt.PlayWeb),Set(Atom(com.typesafe.sbt.jse.SbtJsTask)))[0m
[0m[[0m[0mdebug[0m] [0m[0mClause(Atom(play.sbt.PlayWeb),Set(Atom(play.sbt.PlayService)))[0m
[0m[[0m[0mdebug[0m] [0m[0mClause(Atom(play.sbt.PlayWeb),Set(Atom(play.twirl.sbt.SbtTwirl)))[0m
[0m[[0m[0mdebug[0m] [0m[0mClause(Atom(play.sbt.routes.RoutesCompiler),Set(Atom(sbt.plugins.JvmPlugin)))[0m
[0m[[0m[0mdebug[0m] [0m[0mClause(Atom(play.sbt.test.MediatorWorkaroundPlugin),Set(Atom(sbt.plugins.JvmPlugin)))[0m
[0m[[0m[0mdebug[0m] [0m[0mClause(Atom(giter8.ScaffoldPlugin),Set(Atom(sbt.plugins.JvmPlugin)))[0m
[0m[[0m[0mdebug[0m] [0m[0mClause(Atom(play.twirl.sbt.SbtTwirl),Set(Atom(sbt.plugins.JvmPlugin)))[0m
[0m[[0m[0mdebug[0m] [0m[0mClause(Atom(com.typesafe.sbt.SbtNativePackager),Set(Atom(sbt.plugins.JvmPlugin)))[0m
[0m[[0m[0mdebug[0m] [0m[0mClause(Atom(com.typesafe.sbt.packager.archetypes.JavaAppPackaging),Set(Atom(com.typesafe.sbt.packager.windows.WindowsPlugin)))[0m
[0m[[0m[0mdebug[0m] [0m[0mClause(Atom(com.typesafe.sbt.packager.archetypes.JavaAppPackaging),Set(Atom(com.typesafe.sbt.packager.docker.DockerPlugin)))[0m
[0m[[0m[0mdebug[0m] [0m[0mClause(Atom(com.typesafe.sbt.packager.archetypes.JavaAppPackaging),Set(Atom(com.typesafe.sbt.packager.debian.DebianPlugin)))[0m
[0m[[0m[0mdebug[0m] [0m[0mClause(Atom(com.typesafe.sbt.packager.archetypes.JavaAppPackaging),Set(Atom(com.typesafe.sbt.packager.rpm.RpmPlugin)))[0m
[0m[[0m[0mdebug[0m] [0m[0mClause(Atom(com.typesafe.sbt.packager.archetypes.JavaServerAppPackaging),Set(Atom(com.typesafe.sbt.packager.archetypes.JavaAppPackaging)))[0m
[0m[[0m[0mdebug[0m] [0m[0mClause(Atom(com.typesafe.sbt.packager.archetypes.jar.ClasspathJarPlugin),Set(Atom(com.typesafe.sbt.packager.archetypes.JavaAppPackaging)))[0m
[0m[[0m[0mdebug[0m] [0m[0mClause(Atom(com.typesafe.sbt.packager.archetypes.jar.LauncherJarPlugin),Set(Atom(com.typesafe.sbt.packager.archetypes.JavaAppPackaging)))[0m
[0m[[0m[0mdebug[0m] [0m[0mClause(Atom(com.typesafe.sbt.packager.archetypes.jlink.JlinkPlugin),Set(Atom(com.typesafe.sbt.packager.archetypes.JavaAppPackaging)))[0m
[0m[[0m[0mdebug[0m] [0m[0mClause(Atom(com.typesafe.sbt.packager.archetypes.scripts.AshScriptPlugin),Set(Atom(com.typesafe.sbt.packager.archetypes.JavaAppPackaging)))[0m
[0m[[0m[0mdebug[0m] [0m[0mClause(Atom(com.typesafe.sbt.packager.archetypes.scripts.AshScriptPlugin),Set(Atom(com.typesafe.sbt.packager.archetypes.scripts.BashStartScriptPlugin)))[0m
[0m[[0m[0mdebug[0m] [0m[0mClause(Atom(com.typesafe.sbt.packager.archetypes.scripts.BashStartScriptPlugin),Set(Atom(com.typesafe.sbt.packager.archetypes.JavaAppPackaging)))[0m
[0m[[0m[0mdebug[0m] [0m[0mClause(Atom(com.typesafe.sbt.packager.archetypes.scripts.BatStartScriptPlugin),Set(Atom(com.typesafe.sbt.packager.archetypes.JavaAppPackaging)))[0m
[0m[[0m[0mdebug[0m] [0m[0mClause(Atom(com.typesafe.sbt.packager.archetypes.systemloader.SystemVPlugin),Set(Atom(com.typesafe.sbt.packager.archetypes.systemloader.SystemloaderPlugin)))[0m
[0m[[0m[0mdebug[0m] [0m[0mClause(Atom(com.typesafe.sbt.packager.archetypes.systemloader.SystemdPlugin),Set(Atom(com.typesafe.sbt.packager.archetypes.systemloader.SystemloaderPlugin)))[0m
[0m[[0m[0mdebug[0m] [0m[0mClause(Atom(com.typesafe.sbt.packager.archetypes.systemloader.SystemloaderPlugin),Set(Atom(com.typesafe.sbt.packager.debian.DebianPlugin)))[0m
[0m[[0m[0mdebug[0m] [0m[0mClause(Atom(com.typesafe.sbt.packager.archetypes.systemloader.SystemloaderPlugin),Set(Atom(com.typesafe.sbt.packager.rpm.RpmPlugin)))[0m
[0m[[0m[0mdebug[0m] [0m[0mClause(Atom(com.typesafe.sbt.packager.archetypes.systemloader.UpstartPlugin),Set(Atom(com.typesafe.sbt.packager.archetypes.systemloader.SystemloaderPlugin)))[0m
[0m[[0m[0mdebug[0m] [0m[0mClause(Atom(com.typesafe.sbt.packager.debian.DebianDeployPlugin),Set(Atom(com.typesafe.sbt.packager.debian.DebianPlugin)))[0m
[0m[[0m[0mdebug[0m] [0m[0mClause(Atom(com.typesafe.sbt.packager.debian.DebianPlugin),Set(Atom(com.typesafe.sbt.packager.linux.LinuxPlugin)))[0m
[0m[[0m[0mdebug[0m] [0m[0mClause(Atom(com.typesafe.sbt.packager.debian.JDebPackaging),Set(Atom(com.typesafe.sbt.packager.debian.DebianPlugin)))[0m
[0m[[0m[0mdebug[0m] [0m[0mClause(Atom(com.typesafe.sbt.packager.docker.DockerPlugin),Set(Atom(com.typesafe.sbt.packager.universal.UniversalPlugin)))[0m
[0m[[0m[0mdebug[0m] [0m[0mClause(Atom(com.typesafe.sbt.packager.docker.DockerSpotifyClientPlugin),Set(Atom(com.typesafe.sbt.packager.docker.DockerPlugin)))[0m
[0m[[0m[0mdebug[0m] [0m[0mClause(Atom(com.typesafe.sbt.packager.graalvmnativeimage.GraalVMNativeImagePlugin),Set(Atom(com.typesafe.sbt.packager.archetypes.JavaAppPackaging)))[0m
[0m[[0m[0mdebug[0m] [0m[0mClause(Atom(com.typesafe.sbt.packager.jdkpackager.JDKPackagerDeployPlugin),Set(Atom(com.typesafe.sbt.packager.jdkpackager.JDKPackagerPlugin)))[0m
[0m[[0m[0mdebug[0m] [0m[0mClause(Atom(com.typesafe.sbt.packager.jdkpackager.JDKPackagerPlugin),Set(Atom(com.typesafe.sbt.packager.archetypes.JavaAppPackaging)))[0m
[0m[[0m[0mdebug[0m] [0m[0mClause(Atom(com.typesafe.sbt.packager.jdkpackager.JDKPackagerPlugin),Set(Atom(com.typesafe.sbt.packager.archetypes.jar.LauncherJarPlugin)))[0m
[0m[[0m[0mdebug[0m] [0m[0mClause(Atom(com.typesafe.sbt.packager.linux.LinuxPlugin),Set(Atom(com.typesafe.sbt.packager.universal.UniversalPlugin)))[0m
[0m[[0m[0mdebug[0m] [0m[0mClause(Atom(com.typesafe.sbt.packager.rpm.RpmDeployPlugin),Set(Atom(com.typesafe.sbt.packager.rpm.RpmPlugin)))[0m
[0m[[0m[0mdebug[0m] [0m[0mClause(Atom(com.typesafe.sbt.packager.rpm.RpmPlugin),Set(Atom(com.typesafe.sbt.packager.linux.LinuxPlugin)))[0m
[0m[[0m[0mdebug[0m] [0m[0mClause(Atom(com.typesafe.sbt.packager.universal.UniversalDeployPlugin),Set(Atom(com.typesafe.sbt.packager.universal.UniversalPlugin)))[0m
[0m[[0m[0mdebug[0m] [0m[0mClause(Atom(com.typesafe.sbt.packager.universal.UniversalPlugin),Set(Atom(com.typesafe.sbt.SbtNativePackager)))[0m
[0m[[0m[0mdebug[0m] [0m[0mClause(Atom(com.typesafe.sbt.packager.windows.WindowsDeployPlugin),Set(Atom(com.typesafe.sbt.packager.windows.WindowsPlugin)))[0m
[0m[[0m[0mdebug[0m] [0m[0mClause(Atom(com.typesafe.sbt.packager.windows.WindowsPlugin),Set(Atom(com.typesafe.sbt.packager.universal.UniversalPlugin)))[0m
[0m[[0m[0mdebug[0m] [0m[0mClause(Atom(com.lightbend.sbt.javaagent.JavaAgent),Set(Atom(sbt.plugins.JvmPlugin)))[0m
[0m[[0m[0mdebug[0m] [0m[0mClause(Atom(com.lightbend.sbt.javaagent.JavaAgentPackaging),Set(Atom(com.lightbend.sbt.javaagent.JavaAgent)))[0m
[0m[[0m[0mdebug[0m] [0m[0mClause(Atom(com.lightbend.sbt.javaagent.JavaAgentPackaging),Set(Atom(com.typesafe.sbt.packager.archetypes.JavaAppPackaging)))[0m
[0m[[0m[0mdebug[0m] [0m[0mClause(Atom(com.typesafe.sbt.web.SbtWeb),Set(Atom(sbt.plugins.JvmPlugin)))[0m
[0m[[0m[0mdebug[0m] [0m[0mClause(Atom(com.typesafe.sbt.jse.SbtJsEngine),Set(Atom(com.typesafe.sbt.web.SbtWeb)))[0m
[0m[[0m[0mdebug[0m] [0m[0mClause(Atom(com.typesafe.sbt.jse.SbtJsTask),Set(Atom(com.typesafe.sbt.jse.SbtJsEngine)))[0m
[0m[[0m[0mdebug[0m] [0m[0mClause(Atom(sbt.plugins.CorePlugin),Set(Atom(sbt.plugins.IvyPlugin)))[0m
[0m[[0m[0mdebug[0m] [0m[0mClause(Atom(sbt.plugins.IvyPlugin),Set(Atom(sbt.plugins.JvmPlugin)))[0m
[0m[[0m[0mdebug[0m] [0m[0mClause(Atom(sbt.plugins.JvmPlugin),Set(Atom(sbt.plugins.SemanticdbPlugin)))[0m
[0m[[0m[0mdebug[0m] [0m[0mClause(Atom(sbt.plugins.JvmPlugin),Set(Atom(sbt.plugins.JUnitXmlReportPlugin)))[0m
[0m[[0m[0mdebug[0m] [0m[0mClause(Atom(sbt.plugins.CorePlugin),Set(Atom(sbt.plugins.Giter8TemplatePlugin)))[0m
[0m[[0m[0mdebug[0m] [0m[0mClause(Atom(sbt.plugins.JvmPlugin),Set(Atom(sbt.plugins.MiniDependencyTreePlugin)))[0m
[0m[[0m[0mdebug[0m] [0m[0mClause(Atom(play.sbt.PlayService),Set(Atom(play.sbt.PlayAkkaHttpServer)))[0m
[0m[[0m[0mdebug[0m] [0m[0mClause(Atom(play.sbt.PlayWeb),Set(Atom(play.sbt.PlayFilters)))[0m
[0m[[0m[0mdebug[0m] [0m[0mClause(Atom(play.sbt.PlayWeb),Set(Atom(play.sbt.PlayLayoutPlugin)))[0m
[0m[[0m[0mdebug[0m] [0m[0mClause(Atom(play.sbt.PlayService),Set(Atom(play.sbt.PlayLogback)))[0m
[0m[[0m[0mdebug[0m] [0m[0mClause(Atom(sbt.plugins.JvmPlugin),Set(Atom(giter8.ScaffoldPlugin)))[0m
[0m[[0m[0mdebug[0m] [0m[0mClause(Atom(com.typesafe.sbt.packager.archetypes.JavaAppPackaging),Set(Atom(com.typesafe.sbt.packager.archetypes.scripts.BashStartScriptPlugin)))[0m
[0m[[0m[0mdebug[0m] [0m[0mClause(Atom(com.typesafe.sbt.packager.archetypes.JavaAppPackaging),Set(Atom(com.typesafe.sbt.packager.archetypes.scripts.BatStartScriptPlugin)))[0m
[0m[[0m[0mdebug[0m] [0m[0mClause(And(Set(Atom(com.lightbend.sbt.javaagent.JavaAgent), Atom(com.typesafe.sbt.packager.archetypes.JavaAppPackaging))),Set(Atom(com.lightbend.sbt.javaagent.JavaAgentPackaging)))[0m
[0m[[0m[0mdebug[0m] [0m[0mClause(Atom(com.typesafe.sbt.web.SbtWeb),Set(Atom(com.typesafe.sbt.jse.SbtJsEngine)))[0m
[0m[[0m[0mdebug[0m] [0m[0mClause(Atom(com.typesafe.sbt.jse.SbtJsEngine),Set(Atom(com.typesafe.sbt.jse.SbtJsTask))))[0m
[0m[[0m[0mdebug[0m] [0m[0m  :: deduced result: Matched(sbt.plugins.CorePlugin,play.sbt.PlayScala,sbt.plugins.Giter8TemplatePlugin,sbt.plugins.IvyPlugin,play.sbt.PlayWeb,play.twirl.sbt.SbtTwirl,sbt.plugins.JvmPlugin,play.sbt.PlayService,play.sbt.PlayFilters,play.sbt.PlayLayoutPlugin,play.sbt.routes.RoutesCompiler,com.typesafe.sbt.jse.SbtJsTask,com.typesafe.sbt.packager.archetypes.JavaServerAppPackaging,sbt.plugins.SemanticdbPlugin,sbt.plugins.JUnitXmlReportPlugin,play.sbt.PlayLogback,giter8.ScaffoldPlugin,sbt.plugins.MiniDependencyTreePlugin,com.typesafe.sbt.jse.SbtJsEngine,play.sbt.PlayAkkaHttpServer,com.typesafe.sbt.web.SbtWeb,com.typesafe.sbt.packager.archetypes.JavaAppPackaging,com.typesafe.sbt.packager.rpm.RpmPlugin,com.typesafe.sbt.packager.archetypes.scripts.BashStartScriptPlugin,com.typesafe.sbt.packager.windows.WindowsPlugin,com.typesafe.sbt.packager.archetypes.scripts.BatStartScriptPlugin,com.typesafe.sbt.packager.docker.DockerPlugin,com.typesafe.sbt.packager.debian.DebianPlugin,com.typesafe.sbt.packager.universal.UniversalPlugin,com.typesafe.sbt.packager.linux.LinuxPlugin,com.typesafe.sbt.SbtNativePackager)[0m
[0m[[0m[0mdebug[0m] [0m[0mPlugins.deducer#function took 10.9071 ms[0m
[0m[[0m[0minfo[0m] [0m[0mloading settings for project root from build.sbt ...[0m
[0m[[0m[0mdebug[0m] [0m[0m        Load.resolveProject(root) took 155.4658ms[0m
[0m[[0m[0mdebug[0m] [0m[0m      Load.loadTransitive: finalizeProject(Project(id root, base: C:\Users\vanja\Desktop\diplomski\animalAdoption\animalAdoptionBackend, plugins: List(play.sbt.PlayScala))) took 169.8549ms[0m
[0m[[0m[0mdebug[0m] [0m[0m[Loading] Done in C:\Users\vanja\Desktop\diplomski\animalAdoption\animalAdoptionBackend, returning: (root)[0m
[0m[[0m[0mdebug[0m] [0m[0m    Load.loadUnit: loadedProjectsRaw took 333.4514ms[0m
[0m[[0m[0mdebug[0m] [0m[0m    Load.loadUnit: cleanEvalClasses took 4.1509ms[0m
[0m[[0m[0mdebug[0m] [0m[0m  Load.loadUnit(file:/C:/Users/vanja/Desktop/diplomski/animalAdoption/animalAdoptionBackend/, ...) took 1680.0516ms[0m
[0m[[0m[0mdebug[0m] [0m[0mLoad.apply: load took 1682.288ms[0m
[0m[[0m[0mdebug[0m] [0m[0mLoad.apply: resolveProjects took 0.1866ms[0m
[0m[[0m[0mdebug[0m] [0m[0mLoad.apply: finalTransforms took 24.32ms[0m
[0m[[0m[0mdebug[0m] [0m[0mLoad.apply: config.delegates took 1.4722ms[0m
[0m[[0m[0mdebug[0m] [0m[0mLoad.apply: Def.make(settings)... took 220.8322ms[0m
[0m[[0m[0mdebug[0m] [0m[0mLoad.apply: structureIndex took 54.4322ms[0m
[0m[[0m[0mdebug[0m] [0m[0mLoad.apply: mkStreams took 0.0046ms[0m
[0m[[0m[0minfo[0m] [0m[0m  __              __[0m
[0m[[0m[0minfo[0m] [0m[0m  \ \     ____   / /____ _ __  __[0m
[0m[[0m[0minfo[0m] [0m[0m   \ \   / __ \ / // __ `// / / /[0m
[0m[[0m[0minfo[0m] [0m[0m   / /  / /_/ // // /_/ // /_/ /[0m
[0m[[0m[0minfo[0m] [0m[0m  /_/  / .___//_/ \__,_/ \__, /[0m
[0m[[0m[0minfo[0m] [0m[0m      /_/               /____/[0m
[0m[[0m[0minfo[0m] [0m[0m[0m
[0m[[0m[0minfo[0m] [0m[0mVersion 2.8.20 running Java 11.0.17[0m
[0m[[0m[0minfo[0m] [0m[0m[0m
[0m[[0m[0minfo[0m] [0m[0mPlay is run entirely by the community. Please consider contributing and/or donating:[0m
[0m[[0m[0minfo[0m] [0m[0mhttps://www.playframework.com/sponsors[0m
[0m[[0m[0minfo[0m] [0m[0m[0m
[0m[[0m[0mdebug[0m] [0m[0m> Exec(sbtPopOnFailure, None, None)[0m
[0m[[0m[0mdebug[0m] [0m[0m> Exec(resumeFromFailure, None, None)[0m
[0m[[0m[0mdebug[0m] [0m[0m> Exec(notifyUsersAboutShell, None, None)[0m
[0m[[0m[0mdebug[0m] [0m[0m> Exec(iflast shell, None, None)[0m
[0m[[0m[0mdebug[0m] [0m[0m> Exec(run 9000, None, None)[0m
[0m[[0m[0mdebug[0m] [0m[0mEvaluating tasks: Compile / run[0m
[0m[[0m[0mdebug[0m] [0m[0mRunning task... Cancel: Signal, check cycles: false, forcegc: true[0m
[0m[[0m[0mdebug[0m] [0m[0mRunning task... Cancel: Signal, check cycles: false, forcegc: true[0m
[0m[[0m[0mdebug[0m] [0m[0mRunning task... Cancel: Signal, check cycles: false, forcegc: true[0m
[0m[[0m[0mdebug[0m] [0m[0mExporting web-assets:animaladoption[0m
[0m[[0m[0mdebug[0m] [0m[0mRunning task... Cancel: Signal, check cycles: false, forcegc: true[0m
[0m[[0m[0mdebug[0m] [0m[0mRunning task... Cancel: Signal, check cycles: false, forcegc: true[0m
[0m[[0m[0mdebug[0m] [0m[0mRunning task... Cancel: Signal, check cycles: false, forcegc: true[0m
[0m[[0m[0mdebug[0m] [0m[0mExporting web-assets:animaladoption[0m
[0m[[0m[0mdebug[0m] [0m[0mRunning task... Cancel: Signal, check cycles: false, forcegc: true[0m
[0m[[0m[0mdebug[0m] [0m[0mRunning task... Cancel: Signal, check cycles: false, forcegc: true[0m
[0m[[0m[0minfo[0m] [0m[0mcompiling 6 Scala sources to C:\Users\vanja\Desktop\diplomski\animalAdoption\animalAdoptionBackend\target\scala-2.13\classes ...[0m
[0m[[0m[33mwarn[0m] [0m[0mC:\Users\vanja\Desktop\diplomski\animalAdoption\animalAdoptionBackend\app\controllers\AdoptionController.scala:35:21: Auto-application to `()` is deprecated. Supply the empty argument list `()` explicitly to invoke method readAll,[0m
[0m[[0m[33mwarn[0m] [0m[0mor remove the empty argument list from its definition (Java-defined methods are exempt).[0m
[0m[[0m[33mwarn[0m] [0m[0mIn Scala 3, an unapplied method like this will be eta-expanded into a function.[0m
[0m[[0m[33mwarn[0m] [0m[0m    adoptionService.readAll.map(res =>[0m
[0m[[0m[33mwarn[0m] [0m[0m                    ^[0m
[0m[[0m[33mwarn[0m] [0m[0mone warning found[0m
[0m[[0m[0minfo[0m] [0m[0mcompiling 1 Scala source and 1 Java source to C:\Users\vanja\Desktop\diplomski\animalAdoption\animalAdoptionBackend\target\scala-2.13\classes ...[0m
[0m[[0m[0minfo[0m] [0m[0mcompiling 1 Scala source to C:\Users\vanja\Desktop\diplomski\animalAdoption\animalAdoptionBackend\target\scala-2.13\classes ...[0m
[0m[[0m[0mdebug[0m] [0m[0mForcing garbage collection...[0m
[0m[[0m[0mdebug[0m] [0m[0mRunning task... Cancel: Signal, check cycles: false, forcegc: true[0m
[0m[[0m[0mdebug[0m] [0m[0mExporting web-assets:animaladoption[0m
[0m[[0m[0mdebug[0m] [0m[0mRunning task... Cancel: Signal, check cycles: false, forcegc: true[0m
[0m[[0m[0mdebug[0m] [0m[0mRunning task... Cancel: Signal, check cycles: false, forcegc: true[0m
[0m[[0m[0minfo[0m] [0m[0mcompiling 1 Scala source to C:\Users\vanja\Desktop\diplomski\animalAdoption\animalAdoptionBackend\target\scala-2.13\classes ...[0m
[0m[[0m[0mdebug[0m] [0m[0mRunning task... Cancel: Signal, check cycles: false, forcegc: true[0m
[0m[[0m[0mdebug[0m] [0m[0mExporting web-assets:animaladoption[0m
[0m[[0m[0mdebug[0m] [0m[0mRunning task... Cancel: Signal, check cycles: false, forcegc: true[0m
[0m[[0m[0mdebug[0m] [0m[0mRunning task... Cancel: Signal, check cycles: false, forcegc: true[0m
[0m[[0m[0minfo[0m] [0m[0mcompiling 2 Scala sources to C:\Users\vanja\Desktop\diplomski\animalAdoption\animalAdoptionBackend\target\scala-2.13\classes ...[0m
[0m[[0m[31merror[0m] [0m[0mC:\Users\vanja\Desktop\diplomski\animalAdoption\animalAdoptionBackend\app\dao\AdoptionDAO.scala:63:72: Cannot perform option-mapped operation[0m
[0m[[0m[31merror[0m] [0m[0m      with type: (Boolean, String) => R[0m
[0m[[0m[31merror[0m] [0m[0m  for base type: (Boolean, Boolean) => Boolean[0m
[0m[[0m[31merror[0m] [0m[0m    db.run(Adoptions.filter(adoption => adoption.animalId === animalId && adoption.adoptionStatus ===).delete)[0m
[0m[[0m[31merror[0m] [0m[0m                                                                       ^[0m
[0m[[0m[31merror[0m] [0m[0mC:\Users\vanja\Desktop\diplomski\animalAdoption\animalAdoptionBackend\app\dao\AdoptionDAO.scala:63:28: ambiguous implicit values:[0m
[0m[[0m[31merror[0m] [0m[0m both value BooleanColumnCanBeQueryCondition in object CanBeQueryCondition of type slick.lifted.CanBeQueryCondition[slick.lifted.Rep[Boolean]][0m
[0m[[0m[31merror[0m] [0m[0m and value BooleanOptionColumnCanBeQueryCondition in object CanBeQueryCondition of type slick.lifted.CanBeQueryCondition[slick.lifted.Rep[Option[Boolean]]][0m
[0m[[0m[31merror[0m] [0m[0m match expected type slick.lifted.CanBeQueryCondition[Nothing][0m
[0m[[0m[31merror[0m] [0m[0m    db.run(Adoptions.filter(adoption => adoption.animalId === animalId && adoption.adoptionStatus ===).delete)[0m
[0m[[0m[31merror[0m] [0m[0m                           ^[0m
[0m[[0m[31merror[0m] [0m[0mC:\Users\vanja\Desktop\diplomski\animalAdoption\animalAdoptionBackend\app\dao\AdoptionDAO.scala:63:99: postfix operator === needs to be enabled[0m
[0m[[0m[31merror[0m] [0m[0mby making the implicit value scala.language.postfixOps visible.[0m
[0m[[0m[31merror[0m] [0m[0m----[0m
[0m[[0m[31merror[0m] [0m[0mThis can be achieved by adding the import clause 'import scala.language.postfixOps'[0m
[0m[[0m[31merror[0m] [0m[0mor by setting the compiler option -language:postfixOps.[0m
[0m[[0m[31merror[0m] [0m[0mSee the Scaladoc for value scala.language.postfixOps for a discussion[0m
[0m[[0m[31merror[0m] [0m[0mwhy the feature needs to be explicitly enabled.[0m
[0m[[0m[31merror[0m] [0m[0m    db.run(Adoptions.filter(adoption => adoption.animalId === animalId && adoption.adoptionStatus ===).delete)[0m
[0m[[0m[31merror[0m] [0m[0m                                                                                                  ^[0m
[0m[[0m[31merror[0m] [0m[0mthree errors found[0m
[0m[[0m[0mdebug[0m] [0m[0mForcing garbage collection...[0m
[0m[[0m[31merror[0m] [0m[0m(Compile / [31mcompileIncremental[0m) Compilation failed[0m
[0m[[0m[0mdebug[0m] [0m[0mRunning task... Cancel: Signal, check cycles: false, forcegc: true[0m
[0m[[0m[0mdebug[0m] [0m[0mRunning task... Cancel: Signal, check cycles: false, forcegc: true[0m
[0m[[0m[0mdebug[0m] [0m[0mRunning task... Cancel: Signal, check cycles: false, forcegc: true[0m
[0m[[0m[0minfo[0m] [0m[0mcompiling 2 Scala sources to C:\Users\vanja\Desktop\diplomski\animalAdoption\animalAdoptionBackend\target\scala-2.13\classes ...[0m
[0m[[0m[31merror[0m] [0m[0mC:\Users\vanja\Desktop\diplomski\animalAdoption\animalAdoptionBackend\app\dao\AdoptionDAO.scala:63:72: Cannot perform option-mapped operation[0m
[0m[[0m[31merror[0m] [0m[0m      with type: (Boolean, String) => R[0m
[0m[[0m[31merror[0m] [0m[0m  for base type: (Boolean, Boolean) => Boolean[0m
[0m[[0m[31merror[0m] [0m[0m    db.run(Adoptions.filter(adoption => adoption.animalId === animalId && adoption.adoptionStatus ===).delete)[0m
[0m[[0m[31merror[0m] [0m[0m                                                                       ^[0m
[0m[[0m[31merror[0m] [0m[0mC:\Users\vanja\Desktop\diplomski\animalAdoption\animalAdoptionBackend\app\dao\AdoptionDAO.scala:63:28: ambiguous implicit values:[0m
[0m[[0m[31merror[0m] [0m[0m both value BooleanColumnCanBeQueryCondition in object CanBeQueryCondition of type slick.lifted.CanBeQueryCondition[slick.lifted.Rep[Boolean]][0m
[0m[[0m[31merror[0m] [0m[0m and value BooleanOptionColumnCanBeQueryCondition in object CanBeQueryCondition of type slick.lifted.CanBeQueryCondition[slick.lifted.Rep[Option[Boolean]]][0m
[0m[[0m[31merror[0m] [0m[0m match expected type slick.lifted.CanBeQueryCondition[Nothing][0m
[0m[[0m[31merror[0m] [0m[0m    db.run(Adoptions.filter(adoption => adoption.animalId === animalId && adoption.adoptionStatus ===).delete)[0m
[0m[[0m[31merror[0m] [0m[0m                           ^[0m
[0m[[0m[31merror[0m] [0m[0mC:\Users\vanja\Desktop\diplomski\animalAdoption\animalAdoptionBackend\app\dao\AdoptionDAO.scala:63:99: postfix operator === needs to be enabled[0m
[0m[[0m[31merror[0m] [0m[0mby making the implicit value scala.language.postfixOps visible.[0m
[0m[[0m[31merror[0m] [0m[0m----[0m
[0m[[0m[31merror[0m] [0m[0mThis can be achieved by adding the import clause 'import scala.language.postfixOps'[0m
[0m[[0m[31merror[0m] [0m[0mor by setting the compiler option -language:postfixOps.[0m
[0m[[0m[31merror[0m] [0m[0mSee the Scaladoc for value scala.language.postfixOps for a discussion[0m
[0m[[0m[31merror[0m] [0m[0mwhy the feature needs to be explicitly enabled.[0m
[0m[[0m[31merror[0m] [0m[0m    db.run(Adoptions.filter(adoption => adoption.animalId === animalId && adoption.adoptionStatus ===).delete)[0m
[0m[[0m[31merror[0m] [0m[0m                                                                                                  ^[0m
[0m[[0m[31merror[0m] [0m[0mthree errors found[0m
[0m[[0m[31merror[0m] [0m[0m(Compile / [31mcompileIncremental[0m) Compilation failed[0m
[0m[[0m[0mdebug[0m] [0m[0mRunning task... Cancel: Signal, check cycles: false, forcegc: true[0m
[0m[[0m[0mdebug[0m] [0m[0mRunning task... Cancel: Signal, check cycles: false, forcegc: true[0m
[0m[[0m[0mdebug[0m] [0m[0mRunning task... Cancel: Signal, check cycles: false, forcegc: true[0m
[0m[[0m[0minfo[0m] [0m[0mcompiling 2 Scala sources to C:\Users\vanja\Desktop\diplomski\animalAdoption\animalAdoptionBackend\target\scala-2.13\classes ...[0m
[0m[[0m[31merror[0m] [0m[0mC:\Users\vanja\Desktop\diplomski\animalAdoption\animalAdoptionBackend\app\dao\AdoptionDAO.scala:63:72: Cannot perform option-mapped operation[0m
[0m[[0m[31merror[0m] [0m[0m      with type: (Boolean, String) => R[0m
[0m[[0m[31merror[0m] [0m[0m  for base type: (Boolean, Boolean) => Boolean[0m
[0m[[0m[31merror[0m] [0m[0m    db.run(Adoptions.filter(adoption => adoption.animalId === animalId && adoption.adoptionStatus ===).delete)[0m
[0m[[0m[31merror[0m] [0m[0m                                                                       ^[0m
[0m[[0m[31merror[0m] [0m[0mC:\Users\vanja\Desktop\diplomski\animalAdoption\animalAdoptionBackend\app\dao\AdoptionDAO.scala:63:28: ambiguous implicit values:[0m
[0m[[0m[31merror[0m] [0m[0m both value BooleanColumnCanBeQueryCondition in object CanBeQueryCondition of type slick.lifted.CanBeQueryCondition[slick.lifted.Rep[Boolean]][0m
[0m[[0m[31merror[0m] [0m[0m and value BooleanOptionColumnCanBeQueryCondition in object CanBeQueryCondition of type slick.lifted.CanBeQueryCondition[slick.lifted.Rep[Option[Boolean]]][0m
[0m[[0m[31merror[0m] [0m[0m match expected type slick.lifted.CanBeQueryCondition[Nothing][0m
[0m[[0m[31merror[0m] [0m[0m    db.run(Adoptions.filter(adoption => adoption.animalId === animalId && adoption.adoptionStatus ===).delete)[0m
[0m[[0m[31merror[0m] [0m[0m                           ^[0m
[0m[[0m[31merror[0m] [0m[0mC:\Users\vanja\Desktop\diplomski\animalAdoption\animalAdoptionBackend\app\dao\AdoptionDAO.scala:63:99: postfix operator === needs to be enabled[0m
[0m[[0m[31merror[0m] [0m[0mby making the implicit value scala.language.postfixOps visible.[0m
[0m[[0m[31merror[0m] [0m[0m----[0m
[0m[[0m[31merror[0m] [0m[0mThis can be achieved by adding the import clause 'import scala.language.postfixOps'[0m
[0m[[0m[31merror[0m] [0m[0mor by setting the compiler option -language:postfixOps.[0m
[0m[[0m[31merror[0m] [0m[0mSee the Scaladoc for value scala.language.postfixOps for a discussion[0m
[0m[[0m[31merror[0m] [0m[0mwhy the feature needs to be explicitly enabled.[0m
[0m[[0m[31merror[0m] [0m[0m    db.run(Adoptions.filter(adoption => adoption.animalId === animalId && adoption.adoptionStatus ===).delete)[0m
[0m[[0m[31merror[0m] [0m[0m                                                                                                  ^[0m
[0m[[0m[31merror[0m] [0m[0mthree errors found[0m
[0m[[0m[31merror[0m] [0m[0m(Compile / [31mcompileIncremental[0m) Compilation failed[0m
[0m[[0m[0mdebug[0m] [0m[0mRunning task... Cancel: Signal, check cycles: false, forcegc: true[0m
[0m[[0m[0mdebug[0m] [0m[0mRunning task... Cancel: Signal, check cycles: false, forcegc: true[0m
[0m[[0m[0mdebug[0m] [0m[0mRunning task... Cancel: Signal, check cycles: false, forcegc: true[0m
[0m[[0m[0minfo[0m] [0m[0mcompiling 2 Scala sources to C:\Users\vanja\Desktop\diplomski\animalAdoption\animalAdoptionBackend\target\scala-2.13\classes ...[0m
[0m[[0m[31merror[0m] [0m[0mC:\Users\vanja\Desktop\diplomski\animalAdoption\animalAdoptionBackend\app\dao\AdoptionDAO.scala:63:72: Cannot perform option-mapped operation[0m
[0m[[0m[31merror[0m] [0m[0m      with type: (Boolean, String) => R[0m
[0m[[0m[31merror[0m] [0m[0m  for base type: (Boolean, Boolean) => Boolean[0m
[0m[[0m[31merror[0m] [0m[0m    db.run(Adoptions.filter(adoption => adoption.animalId === animalId && adoption.adoptionStatus ===).delete)[0m
[0m[[0m[31merror[0m] [0m[0m                                                                       ^[0m
[0m[[0m[31merror[0m] [0m[0mC:\Users\vanja\Desktop\diplomski\animalAdoption\animalAdoptionBackend\app\dao\AdoptionDAO.scala:63:28: ambiguous implicit values:[0m
[0m[[0m[31merror[0m] [0m[0m both value BooleanColumnCanBeQueryCondition in object CanBeQueryCondition of type slick.lifted.CanBeQueryCondition[slick.lifted.Rep[Boolean]][0m
[0m[[0m[31merror[0m] [0m[0m and value BooleanOptionColumnCanBeQueryCondition in object CanBeQueryCondition of type slick.lifted.CanBeQueryCondition[slick.lifted.Rep[Option[Boolean]]][0m
[0m[[0m[31merror[0m] [0m[0m match expected type slick.lifted.CanBeQueryCondition[Nothing][0m
[0m[[0m[31merror[0m] [0m[0m    db.run(Adoptions.filter(adoption => adoption.animalId === animalId && adoption.adoptionStatus ===).delete)[0m
[0m[[0m[31merror[0m] [0m[0m                           ^[0m
[0m[[0m[31merror[0m] [0m[0mC:\Users\vanja\Desktop\diplomski\animalAdoption\animalAdoptionBackend\app\dao\AdoptionDAO.scala:63:99: postfix operator === needs to be enabled[0m
[0m[[0m[31merror[0m] [0m[0mby making the implicit value scala.language.postfixOps visible.[0m
[0m[[0m[31merror[0m] [0m[0m----[0m
[0m[[0m[31merror[0m] [0m[0mThis can be achieved by adding the import clause 'import scala.language.postfixOps'[0m
[0m[[0m[31merror[0m] [0m[0mor by setting the compiler option -language:postfixOps.[0m
[0m[[0m[31merror[0m] [0m[0mSee the Scaladoc for value scala.language.postfixOps for a discussion[0m
[0m[[0m[31merror[0m] [0m[0mwhy the feature needs to be explicitly enabled.[0m
[0m[[0m[31merror[0m] [0m[0m    db.run(Adoptions.filter(adoption => adoption.animalId === animalId && adoption.adoptionStatus ===).delete)[0m
[0m[[0m[31merror[0m] [0m[0m                                                                                                  ^[0m
[0m[[0m[31merror[0m] [0m[0mthree errors found[0m
[0m[[0m[31merror[0m] [0m[0m(Compile / [31mcompileIncremental[0m) Compilation failed[0m
[0m[[0m[0mdebug[0m] [0m[0mRunning task... Cancel: Signal, check cycles: false, forcegc: true[0m
[0m[[0m[0mdebug[0m] [0m[0mRunning task... Cancel: Signal, check cycles: false, forcegc: true[0m
[0m[[0m[0mdebug[0m] [0m[0mRunning task... Cancel: Signal, check cycles: false, forcegc: true[0m
[0m[[0m[0minfo[0m] [0m[0mcompiling 2 Scala sources to C:\Users\vanja\Desktop\diplomski\animalAdoption\animalAdoptionBackend\target\scala-2.13\classes ...[0m
[0m[[0m[31merror[0m] [0m[0mC:\Users\vanja\Desktop\diplomski\animalAdoption\animalAdoptionBackend\app\dao\AdoptionDAO.scala:63:72: Cannot perform option-mapped operation[0m
[0m[[0m[31merror[0m] [0m[0m      with type: (Boolean, String) => R[0m
[0m[[0m[31merror[0m] [0m[0m  for base type: (Boolean, Boolean) => Boolean[0m
[0m[[0m[31merror[0m] [0m[0m    db.run(Adoptions.filter(adoption => adoption.animalId === animalId && adoption.adoptionStatus ===).delete)[0m
[0m[[0m[31merror[0m] [0m[0m                                                                       ^[0m
[0m[[0m[31merror[0m] [0m[0mC:\Users\vanja\Desktop\diplomski\animalAdoption\animalAdoptionBackend\app\dao\AdoptionDAO.scala:63:28: ambiguous implicit values:[0m
[0m[[0m[31merror[0m] [0m[0m both value BooleanColumnCanBeQueryCondition in object CanBeQueryCondition of type slick.lifted.CanBeQueryCondition[slick.lifted.Rep[Boolean]][0m
[0m[[0m[31merror[0m] [0m[0m and value BooleanOptionColumnCanBeQueryCondition in object CanBeQueryCondition of type slick.lifted.CanBeQueryCondition[slick.lifted.Rep[Option[Boolean]]][0m
[0m[[0m[31merror[0m] [0m[0m match expected type slick.lifted.CanBeQueryCondition[Nothing][0m
[0m[[0m[31merror[0m] [0m[0m    db.run(Adoptions.filter(adoption => adoption.animalId === animalId && adoption.adoptionStatus ===).delete)[0m
[0m[[0m[31merror[0m] [0m[0m                           ^[0m
[0m[[0m[31merror[0m] [0m[0mC:\Users\vanja\Desktop\diplomski\animalAdoption\animalAdoptionBackend\app\dao\AdoptionDAO.scala:63:99: postfix operator === needs to be enabled[0m
[0m[[0m[31merror[0m] [0m[0mby making the implicit value scala.language.postfixOps visible.[0m
[0m[[0m[31merror[0m] [0m[0m----[0m
[0m[[0m[31merror[0m] [0m[0mThis can be achieved by adding the import clause 'import scala.language.postfixOps'[0m
[0m[[0m[31merror[0m] [0m[0mor by setting the compiler option -language:postfixOps.[0m
[0m[[0m[31merror[0m] [0m[0mSee the Scaladoc for value scala.language.postfixOps for a discussion[0m
[0m[[0m[31merror[0m] [0m[0mwhy the feature needs to be explicitly enabled.[0m
[0m[[0m[31merror[0m] [0m[0m    db.run(Adoptions.filter(adoption => adoption.animalId === animalId && adoption.adoptionStatus ===).delete)[0m
[0m[[0m[31merror[0m] [0m[0m                                                                                                  ^[0m
[0m[[0m[31merror[0m] [0m[0mthree errors found[0m
[0m[[0m[31merror[0m] [0m[0m(Compile / [31mcompileIncremental[0m) Compilation failed[0m
[0m[[0m[0mdebug[0m] [0m[0mRunning task... Cancel: Signal, check cycles: false, forcegc: true[0m
[0m[[0m[0mdebug[0m] [0m[0mRunning task... Cancel: Signal, check cycles: false, forcegc: true[0m
[0m[[0m[0mdebug[0m] [0m[0mRunning task... Cancel: Signal, check cycles: false, forcegc: true[0m
[0m[[0m[0minfo[0m] [0m[0mcompiling 2 Scala sources to C:\Users\vanja\Desktop\diplomski\animalAdoption\animalAdoptionBackend\target\scala-2.13\classes ...[0m
[0m[[0m[31merror[0m] [0m[0mC:\Users\vanja\Desktop\diplomski\animalAdoption\animalAdoptionBackend\app\dao\AdoptionDAO.scala:63:72: Cannot perform option-mapped operation[0m
[0m[[0m[31merror[0m] [0m[0m      with type: (Boolean, String) => R[0m
[0m[[0m[31merror[0m] [0m[0m  for base type: (Boolean, Boolean) => Boolean[0m
[0m[[0m[31merror[0m] [0m[0m    db.run(Adoptions.filter(adoption => adoption.animalId === animalId && adoption.adoptionStatus ===).delete)[0m
[0m[[0m[31merror[0m] [0m[0m                                                                       ^[0m
[0m[[0m[31merror[0m] [0m[0mC:\Users\vanja\Desktop\diplomski\animalAdoption\animalAdoptionBackend\app\dao\AdoptionDAO.scala:63:28: ambiguous implicit values:[0m
[0m[[0m[31merror[0m] [0m[0m both value BooleanColumnCanBeQueryCondition in object CanBeQueryCondition of type slick.lifted.CanBeQueryCondition[slick.lifted.Rep[Boolean]][0m
[0m[[0m[31merror[0m] [0m[0m and value BooleanOptionColumnCanBeQueryCondition in object CanBeQueryCondition of type slick.lifted.CanBeQueryCondition[slick.lifted.Rep[Option[Boolean]]][0m
[0m[[0m[31merror[0m] [0m[0m match expected type slick.lifted.CanBeQueryCondition[Nothing][0m
[0m[[0m[31merror[0m] [0m[0m    db.run(Adoptions.filter(adoption => adoption.animalId === animalId && adoption.adoptionStatus ===).delete)[0m
[0m[[0m[31merror[0m] [0m[0m                           ^[0m
[0m[[0m[31merror[0m] [0m[0mC:\Users\vanja\Desktop\diplomski\animalAdoption\animalAdoptionBackend\app\dao\AdoptionDAO.scala:63:99: postfix operator === needs to be enabled[0m
[0m[[0m[31merror[0m] [0m[0mby making the implicit value scala.language.postfixOps visible.[0m
[0m[[0m[31merror[0m] [0m[0m----[0m
[0m[[0m[31merror[0m] [0m[0mThis can be achieved by adding the import clause 'import scala.language.postfixOps'[0m
[0m[[0m[31merror[0m] [0m[0mor by setting the compiler option -language:postfixOps.[0m
[0m[[0m[31merror[0m] [0m[0mSee the Scaladoc for value scala.language.postfixOps for a discussion[0m
[0m[[0m[31merror[0m] [0m[0mwhy the feature needs to be explicitly enabled.[0m
[0m[[0m[31merror[0m] [0m[0m    db.run(Adoptions.filter(adoption => adoption.animalId === animalId && adoption.adoptionStatus ===).delete)[0m
[0m[[0m[31merror[0m] [0m[0m                                                                                                  ^[0m
[0m[[0m[31merror[0m] [0m[0mthree errors found[0m
[0m[[0m[31merror[0m] [0m[0m(Compile / [31mcompileIncremental[0m) Compilation failed[0m
[0m[[0m[0mdebug[0m] [0m[0mRunning task... Cancel: Signal, check cycles: false, forcegc: true[0m
[0m[[0m[0mdebug[0m] [0m[0mRunning task... Cancel: Signal, check cycles: false, forcegc: true[0m
[0m[[0m[0mdebug[0m] [0m[0mRunning task... Cancel: Signal, check cycles: false, forcegc: true[0m
[0m[[0m[0minfo[0m] [0m[0mcompiling 2 Scala sources to C:\Users\vanja\Desktop\diplomski\animalAdoption\animalAdoptionBackend\target\scala-2.13\classes ...[0m
[0m[[0m[0mdebug[0m] [0m[0mRunning task... Cancel: Signal, check cycles: false, forcegc: true[0m
[0m[[0m[0mdebug[0m] [0m[0mExporting web-assets:animaladoption[0m
[0m[[0m[0mdebug[0m] [0m[0mRunning task... Cancel: Signal, check cycles: false, forcegc: true[0m
