[0m[[0m[0mdebug[0m] [0m[0m> Exec(early(addDefaultCommands), None, None)[0m
[0m[[0m[0mdebug[0m] [0m[0m> Exec(addDefaultCommands, None, None)[0m
[0m[[0m[0mdebug[0m] [0m[0m> Exec(early(initialize), None, None)[0m
[0m[[0m[0mdebug[0m] [0m[0m> Exec(initialize, None, None)[0m
[0m[[0m[0mdebug[0m] [0m[0m> Exec(boot, None, None)[0m
[0m[[0m[0mdebug[0m] [0m[0m> Exec(writeSbtVersion, None, None)[0m
[0m[[0m[0mdebug[0m] [0m[0m> Exec(reload, None, None)[0m
[0m[[0m[0mdebug[0m] [0m[0m> Exec(sbtStashOnFailure, None, None)[0m
[0m[[0m[0mdebug[0m] [0m[0m> Exec(onFailure loadFailed, None, None)[0m
[0m[[0m[0mdebug[0m] [0m[0m> Exec(loadp, None, None)[0m
[0m[[0m[0minfo[0m] [0m[0mwelcome to sbt 1.7.2 (Oracle Corporation Java 11.0.17)[0m
[0m[[0m[0mdebug[0m] [0m[0m      Load.loadUnit: plugins took 179.6669ms[0m
[0m[[0m[0mdebug[0m] [0m[0m      Load.loadUnit: defsScala took 0.4631ms[0m
[0m[[0m[0mdebug[0m] [0m[0m[Loading] Scanning directory C:\Users\vanja\.sbt\1.0\plugins[0m
[0m[[0m[0mdebug[0m] [0m[0m[Loading] Found non-root projects [0m
[0m[[0m[0mdebug[0m] [0m[0m[Loading] Done in C:\Users\vanja\.sbt\1.0\plugins, returning: ()[0m
[0m[[0m[0mdebug[0m] [0m[0mdeducing auto plugins based on known facts Set(Atom(sbt.plugins.CorePlugin)) and clauses Clauses(Clause(Atom(sbt.plugins.JvmPlugin),Set(Atom(sbt.plugins.IvyPlugin)))[0m
[0m[[0m[0mdebug[0m] [0m[0mClause(Atom(sbt.ScriptedPlugin),Set(Atom(sbt.plugins.JvmPlugin)))[0m
[0m[[0m[0mdebug[0m] [0m[0mClause(Atom(sbt.plugins.SbtPlugin),Set(Atom(sbt.ScriptedPlugin)))[0m
[0m[[0m[0mdebug[0m] [0m[0mClause(Atom(sbt.plugins.SemanticdbPlugin),Set(Atom(sbt.plugins.JvmPlugin)))[0m
[0m[[0m[0mdebug[0m] [0m[0mClause(Atom(sbt.plugins.JUnitXmlReportPlugin),Set(Atom(sbt.plugins.JvmPlugin)))[0m
[0m[[0m[0mdebug[0m] [0m[0mClause(Atom(sbt.plugins.MiniDependencyTreePlugin),Set(Atom(sbt.plugins.JvmPlugin)))[0m
[0m[[0m[0mdebug[0m] [0m[0mClause(Atom(sbt.plugins.CorePlugin),Set(Atom(sbt.plugins.IvyPlugin)))[0m
[0m[[0m[0mdebug[0m] [0m[0mClause(Atom(sbt.plugins.IvyPlugin),Set(Atom(sbt.plugins.JvmPlugin)))[0m
[0m[[0m[0mdebug[0m] [0m[0mClause(Atom(sbt.plugins.JvmPlugin),Set(Atom(sbt.plugins.SemanticdbPlugin)))[0m
[0m[[0m[0mdebug[0m] [0m[0mClause(Atom(sbt.plugins.JvmPlugin),Set(Atom(sbt.plugins.JUnitXmlReportPlugin)))[0m
[0m[[0m[0mdebug[0m] [0m[0mClause(Atom(sbt.plugins.CorePlugin),Set(Atom(sbt.plugins.Giter8TemplatePlugin)))[0m
[0m[[0m[0mdebug[0m] [0m[0mClause(Atom(sbt.plugins.JvmPlugin),Set(Atom(sbt.plugins.MiniDependencyTreePlugin))))[0m
[0m[[0m[0mdebug[0m] [0m[0m  :: deduced result: Matched(sbt.plugins.CorePlugin,sbt.plugins.Giter8TemplatePlugin,sbt.plugins.IvyPlugin,sbt.plugins.JvmPlugin,sbt.plugins.MiniDependencyTreePlugin,sbt.plugins.JUnitXmlReportPlugin,sbt.plugins.SemanticdbPlugin)[0m
[0m[[0m[0mdebug[0m] [0m[0mPlugins.deducer#function took 58.272399 ms[0m
[0m[[0m[0mdebug[0m] [0m[0m          Load.resolveProject(global-plugins) took 133.022699ms[0m
[0m[[0m[0mdebug[0m] [0m[0m        Load.loadTransitive: finalizeProject(Project(id global-plugins, base: C:\Users\vanja\.sbt\1.0\plugins, plugins: List(<none>))) took 275.925ms[0m
[0m[[0m[0mdebug[0m] [0m[0m[Loading] Done in C:\Users\vanja\.sbt\1.0\plugins, returning: (global-plugins)[0m
[0m[[0m[0mdebug[0m] [0m[0m      Load.loadUnit: loadedProjectsRaw took 327.0592ms[0m
[0m[[0m[0mdebug[0m] [0m[0m      Load.loadUnit: cleanEvalClasses took 0.588101ms[0m
[0m[[0m[0mdebug[0m] [0m[0m    Load.loadUnit(file:/C:/Users/vanja/.sbt/1.0/plugins/, ...) took 524.4933ms[0m
[0m[[0m[0mdebug[0m] [0m[0m  Load.apply: load took 934.676999ms[0m
[0m[[0m[0mdebug[0m] [0m[0m  Load.apply: resolveProjects took 13.845999ms[0m
[0m[[0m[0mdebug[0m] [0m[0m  Load.apply: finalTransforms took 120.354499ms[0m
[0m[[0m[0mdebug[0m] [0m[0m  Load.apply: config.delegates took 16.6111ms[0m
[0m[[0m[0mdebug[0m] [0m[0m  Load.apply: Def.make(settings)... took 1036.8129ms[0m
[0m[[0m[0mdebug[0m] [0m[0m  Load.apply: structureIndex took 317.3952ms[0m
[0m[[0m[0mdebug[0m] [0m[0m  Load.apply: mkStreams took 5.7249ms[0m
[0m[[0m[0minfo[0m] [0m[0mloading global plugins from C:\Users\vanja\.sbt\1.0\plugins[0m
[0m[[0m[0mdebug[0m] [0m[0mRunning task... Cancel: Signal, check cycles: false, forcegc: true[0m
[0m[[0m[0mdebug[0m] [0m[0mLoad.defaultLoad until apply took 5609.2438ms[0m
[0m[[0m[0mdebug[0m] [0m[0m          Load.loadUnit: plugins took 46.9533ms[0m
[0m[[0m[0mdebug[0m] [0m[0m          Load.loadUnit: defsScala took 0.0204ms[0m
[0m[[0m[0mdebug[0m] [0m[0m[Loading] Scanning directory C:\Users\vanja\Desktop\diplomski\animalAdoption\animalAdoptionBackend\project[0m
[0m[[0m[0mdebug[0m] [0m[0m            Load.loadUnit: mkEval took 14.2479ms[0m
[0m[[0m[0mdebug[0m] [0m[0m[Loading] Found non-root projects [0m
[0m[[0m[0mdebug[0m] [0m[0m[Loading] Done in C:\Users\vanja\Desktop\diplomski\animalAdoption\animalAdoptionBackend\project, returning: ()[0m
[0m[[0m[0mdebug[0m] [0m[0mdeducing auto plugins based on known facts Set(Atom(sbt.plugins.CorePlugin)) and clauses Clauses(Clause(Atom(sbt.plugins.JvmPlugin),Set(Atom(sbt.plugins.IvyPlugin)))[0m
[0m[[0m[0mdebug[0m] [0m[0mClause(Atom(sbt.ScriptedPlugin),Set(Atom(sbt.plugins.JvmPlugin)))[0m
[0m[[0m[0mdebug[0m] [0m[0mClause(Atom(sbt.plugins.SbtPlugin),Set(Atom(sbt.ScriptedPlugin)))[0m
[0m[[0m[0mdebug[0m] [0m[0mClause(Atom(sbt.plugins.SemanticdbPlugin),Set(Atom(sbt.plugins.JvmPlugin)))[0m
[0m[[0m[0mdebug[0m] [0m[0mClause(Atom(sbt.plugins.JUnitXmlReportPlugin),Set(Atom(sbt.plugins.JvmPlugin)))[0m
[0m[[0m[0mdebug[0m] [0m[0mClause(Atom(sbt.plugins.MiniDependencyTreePlugin),Set(Atom(sbt.plugins.JvmPlugin)))[0m
[0m[[0m[0mdebug[0m] [0m[0mClause(Atom(sbt.plugins.CorePlugin),Set(Atom(sbt.plugins.IvyPlugin)))[0m
[0m[[0m[0mdebug[0m] [0m[0mClause(Atom(sbt.plugins.IvyPlugin),Set(Atom(sbt.plugins.JvmPlugin)))[0m
[0m[[0m[0mdebug[0m] [0m[0mClause(Atom(sbt.plugins.JvmPlugin),Set(Atom(sbt.plugins.SemanticdbPlugin)))[0m
[0m[[0m[0mdebug[0m] [0m[0mClause(Atom(sbt.plugins.JvmPlugin),Set(Atom(sbt.plugins.JUnitXmlReportPlugin)))[0m
[0m[[0m[0mdebug[0m] [0m[0mClause(Atom(sbt.plugins.CorePlugin),Set(Atom(sbt.plugins.Giter8TemplatePlugin)))[0m
[0m[[0m[0mdebug[0m] [0m[0mClause(Atom(sbt.plugins.JvmPlugin),Set(Atom(sbt.plugins.MiniDependencyTreePlugin))))[0m
[0m[[0m[0mdebug[0m] [0m[0m  :: deduced result: Matched(sbt.plugins.CorePlugin,sbt.plugins.Giter8TemplatePlugin,sbt.plugins.IvyPlugin,sbt.plugins.JvmPlugin,sbt.plugins.MiniDependencyTreePlugin,sbt.plugins.JUnitXmlReportPlugin,sbt.plugins.SemanticdbPlugin)[0m
[0m[[0m[0mdebug[0m] [0m[0mPlugins.deducer#function took 2.4433 ms[0m
[0m[[0m[0minfo[0m] [0m[0mloading settings for project animaladoptionbackend-build from plugins.sbt ...[0m
[0m[[0m[0mdebug[0m] [0m[0m              Load.resolveProject(animaladoptionbackend-build) took 6.1929ms[0m
[0m[[0m[0mdebug[0m] [0m[0m            Load.loadTransitive: finalizeProject(Project(id animaladoptionbackend-build, base: C:\Users\vanja\Desktop\diplomski\animalAdoption\animalAdoptionBackend\project, plugins: List(<none>))) took 9.5662ms[0m
[0m[[0m[0mdebug[0m] [0m[0m[Loading] Done in C:\Users\vanja\Desktop\diplomski\animalAdoption\animalAdoptionBackend\project, returning: (animaladoptionbackend-build)[0m
[0m[[0m[0mdebug[0m] [0m[0m          Load.loadUnit: loadedProjectsRaw took 359.68ms[0m
[0m[[0m[0mdebug[0m] [0m[0m          Load.loadUnit: cleanEvalClasses took 8.2083ms[0m
[0m[[0m[0mdebug[0m] [0m[0m        Load.loadUnit(file:/C:/Users/vanja/Desktop/diplomski/animalAdoption/animalAdoptionBackend/project/, ...) took 416.633099ms[0m
[0m[[0m[0mdebug[0m] [0m[0m      Load.apply: load took 419.7192ms[0m
[0m[[0m[0mdebug[0m] [0m[0m      Load.apply: resolveProjects took 0.3183ms[0m
[0m[[0m[0mdebug[0m] [0m[0m      Load.apply: finalTransforms took 14.0408ms[0m
[0m[[0m[0mdebug[0m] [0m[0m      Load.apply: config.delegates took 0.526ms[0m
[0m[[0m[0mdebug[0m] [0m[0m      Load.apply: Def.make(settings)... took 110.5265ms[0m
[0m[[0m[0mdebug[0m] [0m[0m      Load.apply: structureIndex took 44.100201ms[0m
[0m[[0m[0mdebug[0m] [0m[0m      Load.apply: mkStreams took 0.007501ms[0m
[0m[[0m[0minfo[0m] [0m[0mloading project definition from C:\Users\vanja\Desktop\diplomski\animalAdoption\animalAdoptionBackend\project[0m
[0m[[0m[0mdebug[0m] [0m[0mRunning task... Cancel: Signal, check cycles: false, forcegc: true[0m
[0m[[0m[0mdebug[0m] [0m[0m    Load.loadUnit: plugins took 2432.875999ms[0m
[0m[[0m[0mdebug[0m] [0m[0m    Load.loadUnit: defsScala took 0.0074ms[0m
[0m[[0m[0mdebug[0m] [0m[0m[Loading] Scanning directory C:\Users\vanja\Desktop\diplomski\animalAdoption\animalAdoptionBackend[0m
[0m[[0m[0mdebug[0m] [0m[0m      Load.loadUnit: mkEval took 0.7006ms[0m
[0m[[0m[0mdebug[0m] [0m[0m[Loading] Found root project root w/ remaining [0m
[0m[[0m[0mdebug[0m] [0m[0mdeducing auto plugins based on known facts Set(Atom(play.sbt.PlayScala), Atom(sbt.plugins.CorePlugin)) and clauses Clauses(Clause(Atom(sbt.plugins.JvmPlugin),Set(Atom(sbt.plugins.IvyPlugin)))[0m
[0m[[0m[0mdebug[0m] [0m[0mClause(Atom(sbt.ScriptedPlugin),Set(Atom(sbt.plugins.JvmPlugin)))[0m
[0m[[0m[0mdebug[0m] [0m[0mClause(Atom(sbt.plugins.SbtPlugin),Set(Atom(sbt.ScriptedPlugin)))[0m
[0m[[0m[0mdebug[0m] [0m[0mClause(Atom(sbt.plugins.SemanticdbPlugin),Set(Atom(sbt.plugins.JvmPlugin)))[0m
[0m[[0m[0mdebug[0m] [0m[0mClause(Atom(sbt.plugins.JUnitXmlReportPlugin),Set(Atom(sbt.plugins.JvmPlugin)))[0m
[0m[[0m[0mdebug[0m] [0m[0mClause(Atom(sbt.plugins.MiniDependencyTreePlugin),Set(Atom(sbt.plugins.JvmPlugin)))[0m
[0m[[0m[0mdebug[0m] [0m[0mClause(Atom(play.sbt.Play),Set(Atom(play.sbt.routes.RoutesCompiler)))[0m
[0m[[0m[0mdebug[0m] [0m[0mClause(Atom(play.sbt.Play),Set(Atom(com.typesafe.sbt.jse.SbtJsTask)))[0m
[0m[[0m[0mdebug[0m] [0m[0mClause(Atom(play.sbt.Play),Set(Atom(com.typesafe.sbt.packager.archetypes.JavaServerAppPackaging)))[0m
[0m[[0m[0mdebug[0m] [0m[0mClause(Atom(play.sbt.Play),Set(Atom(play.twirl.sbt.SbtTwirl)))[0m
[0m[[0m[0mdebug[0m] [0m[0mClause(Atom(play.sbt.PlayAkkaHttp2Support),Set(Atom(play.sbt.PlayAkkaHttpServer)))[0m
[0m[[0m[0mdebug[0m] [0m[0mClause(Atom(play.sbt.PlayAkkaHttp2Support),Set(Atom(com.lightbend.sbt.javaagent.JavaAgent)))[0m
[0m[[0m[0mdebug[0m] [0m[0mClause(Atom(play.sbt.PlayAkkaHttpServer),Set(Atom(play.sbt.PlayService)))[0m
[0m[[0m[0mdebug[0m] [0m[0mClause(Atom(play.sbt.PlayFilters),Set(Atom(play.sbt.PlayWeb)))[0m
[0m[[0m[0mdebug[0m] [0m[0mClause(Atom(play.sbt.PlayJava),Set(Atom(play.sbt.PlayWeb)))[0m
[0m[[0m[0mdebug[0m] [0m[0mClause(Atom(play.sbt.PlayLayoutPlugin),Set(Atom(play.sbt.PlayWeb)))[0m
[0m[[0m[0mdebug[0m] [0m[0mClause(Atom(play.sbt.PlayLogback),Set(Atom(play.sbt.PlayService)))[0m
[0m[[0m[0mdebug[0m] [0m[0mClause(Atom(play.sbt.PlayMinimalJava),Set(Atom(play.sbt.PlayWeb)))[0m
[0m[[0m[0mdebug[0m] [0m[0mClause(Atom(play.sbt.PlayNettyServer),Set(Atom(play.sbt.PlayService)))[0m
[0m[[0m[0mdebug[0m] [0m[0mClause(Atom(play.sbt.PlayScala),Set(Atom(play.sbt.PlayWeb)))[0m
[0m[[0m[0mdebug[0m] [0m[0mClause(Atom(play.sbt.PlayService),Set(Atom(com.typesafe.sbt.packager.archetypes.JavaServerAppPackaging)))[0m
[0m[[0m[0mdebug[0m] [0m[0mClause(Atom(play.sbt.PlayWeb),Set(Atom(play.sbt.routes.RoutesCompiler)))[0m
[0m[[0m[0mdebug[0m] [0m[0mClause(Atom(play.sbt.PlayWeb),Set(Atom(com.typesafe.sbt.jse.SbtJsTask)))[0m
[0m[[0m[0mdebug[0m] [0m[0mClause(Atom(play.sbt.PlayWeb),Set(Atom(play.sbt.PlayService)))[0m
[0m[[0m[0mdebug[0m] [0m[0mClause(Atom(play.sbt.PlayWeb),Set(Atom(play.twirl.sbt.SbtTwirl)))[0m
[0m[[0m[0mdebug[0m] [0m[0mClause(Atom(play.sbt.routes.RoutesCompiler),Set(Atom(sbt.plugins.JvmPlugin)))[0m
[0m[[0m[0mdebug[0m] [0m[0mClause(Atom(play.sbt.test.MediatorWorkaroundPlugin),Set(Atom(sbt.plugins.JvmPlugin)))[0m
[0m[[0m[0mdebug[0m] [0m[0mClause(Atom(giter8.ScaffoldPlugin),Set(Atom(sbt.plugins.JvmPlugin)))[0m
[0m[[0m[0mdebug[0m] [0m[0mClause(Atom(play.twirl.sbt.SbtTwirl),Set(Atom(sbt.plugins.JvmPlugin)))[0m
[0m[[0m[0mdebug[0m] [0m[0mClause(Atom(com.typesafe.sbt.SbtNativePackager),Set(Atom(sbt.plugins.JvmPlugin)))[0m
[0m[[0m[0mdebug[0m] [0m[0mClause(Atom(com.typesafe.sbt.packager.archetypes.JavaAppPackaging),Set(Atom(com.typesafe.sbt.packager.windows.WindowsPlugin)))[0m
[0m[[0m[0mdebug[0m] [0m[0mClause(Atom(com.typesafe.sbt.packager.archetypes.JavaAppPackaging),Set(Atom(com.typesafe.sbt.packager.docker.DockerPlugin)))[0m
[0m[[0m[0mdebug[0m] [0m[0mClause(Atom(com.typesafe.sbt.packager.archetypes.JavaAppPackaging),Set(Atom(com.typesafe.sbt.packager.debian.DebianPlugin)))[0m
[0m[[0m[0mdebug[0m] [0m[0mClause(Atom(com.typesafe.sbt.packager.archetypes.JavaAppPackaging),Set(Atom(com.typesafe.sbt.packager.rpm.RpmPlugin)))[0m
[0m[[0m[0mdebug[0m] [0m[0mClause(Atom(com.typesafe.sbt.packager.archetypes.JavaServerAppPackaging),Set(Atom(com.typesafe.sbt.packager.archetypes.JavaAppPackaging)))[0m
[0m[[0m[0mdebug[0m] [0m[0mClause(Atom(com.typesafe.sbt.packager.archetypes.jar.ClasspathJarPlugin),Set(Atom(com.typesafe.sbt.packager.archetypes.JavaAppPackaging)))[0m
[0m[[0m[0mdebug[0m] [0m[0mClause(Atom(com.typesafe.sbt.packager.archetypes.jar.LauncherJarPlugin),Set(Atom(com.typesafe.sbt.packager.archetypes.JavaAppPackaging)))[0m
[0m[[0m[0mdebug[0m] [0m[0mClause(Atom(com.typesafe.sbt.packager.archetypes.jlink.JlinkPlugin),Set(Atom(com.typesafe.sbt.packager.archetypes.JavaAppPackaging)))[0m
[0m[[0m[0mdebug[0m] [0m[0mClause(Atom(com.typesafe.sbt.packager.archetypes.scripts.AshScriptPlugin),Set(Atom(com.typesafe.sbt.packager.archetypes.JavaAppPackaging)))[0m
[0m[[0m[0mdebug[0m] [0m[0mClause(Atom(com.typesafe.sbt.packager.archetypes.scripts.AshScriptPlugin),Set(Atom(com.typesafe.sbt.packager.archetypes.scripts.BashStartScriptPlugin)))[0m
[0m[[0m[0mdebug[0m] [0m[0mClause(Atom(com.typesafe.sbt.packager.archetypes.scripts.BashStartScriptPlugin),Set(Atom(com.typesafe.sbt.packager.archetypes.JavaAppPackaging)))[0m
[0m[[0m[0mdebug[0m] [0m[0mClause(Atom(com.typesafe.sbt.packager.archetypes.scripts.BatStartScriptPlugin),Set(Atom(com.typesafe.sbt.packager.archetypes.JavaAppPackaging)))[0m
[0m[[0m[0mdebug[0m] [0m[0mClause(Atom(com.typesafe.sbt.packager.archetypes.systemloader.SystemVPlugin),Set(Atom(com.typesafe.sbt.packager.archetypes.systemloader.SystemloaderPlugin)))[0m
[0m[[0m[0mdebug[0m] [0m[0mClause(Atom(com.typesafe.sbt.packager.archetypes.systemloader.SystemdPlugin),Set(Atom(com.typesafe.sbt.packager.archetypes.systemloader.SystemloaderPlugin)))[0m
[0m[[0m[0mdebug[0m] [0m[0mClause(Atom(com.typesafe.sbt.packager.archetypes.systemloader.SystemloaderPlugin),Set(Atom(com.typesafe.sbt.packager.debian.DebianPlugin)))[0m
[0m[[0m[0mdebug[0m] [0m[0mClause(Atom(com.typesafe.sbt.packager.archetypes.systemloader.SystemloaderPlugin),Set(Atom(com.typesafe.sbt.packager.rpm.RpmPlugin)))[0m
[0m[[0m[0mdebug[0m] [0m[0mClause(Atom(com.typesafe.sbt.packager.archetypes.systemloader.UpstartPlugin),Set(Atom(com.typesafe.sbt.packager.archetypes.systemloader.SystemloaderPlugin)))[0m
[0m[[0m[0mdebug[0m] [0m[0mClause(Atom(com.typesafe.sbt.packager.debian.DebianDeployPlugin),Set(Atom(com.typesafe.sbt.packager.debian.DebianPlugin)))[0m
[0m[[0m[0mdebug[0m] [0m[0mClause(Atom(com.typesafe.sbt.packager.debian.DebianPlugin),Set(Atom(com.typesafe.sbt.packager.linux.LinuxPlugin)))[0m
[0m[[0m[0mdebug[0m] [0m[0mClause(Atom(com.typesafe.sbt.packager.debian.JDebPackaging),Set(Atom(com.typesafe.sbt.packager.debian.DebianPlugin)))[0m
[0m[[0m[0mdebug[0m] [0m[0mClause(Atom(com.typesafe.sbt.packager.docker.DockerPlugin),Set(Atom(com.typesafe.sbt.packager.universal.UniversalPlugin)))[0m
[0m[[0m[0mdebug[0m] [0m[0mClause(Atom(com.typesafe.sbt.packager.docker.DockerSpotifyClientPlugin),Set(Atom(com.typesafe.sbt.packager.docker.DockerPlugin)))[0m
[0m[[0m[0mdebug[0m] [0m[0mClause(Atom(com.typesafe.sbt.packager.graalvmnativeimage.GraalVMNativeImagePlugin),Set(Atom(com.typesafe.sbt.packager.archetypes.JavaAppPackaging)))[0m
[0m[[0m[0mdebug[0m] [0m[0mClause(Atom(com.typesafe.sbt.packager.jdkpackager.JDKPackagerDeployPlugin),Set(Atom(com.typesafe.sbt.packager.jdkpackager.JDKPackagerPlugin)))[0m
[0m[[0m[0mdebug[0m] [0m[0mClause(Atom(com.typesafe.sbt.packager.jdkpackager.JDKPackagerPlugin),Set(Atom(com.typesafe.sbt.packager.archetypes.JavaAppPackaging)))[0m
[0m[[0m[0mdebug[0m] [0m[0mClause(Atom(com.typesafe.sbt.packager.jdkpackager.JDKPackagerPlugin),Set(Atom(com.typesafe.sbt.packager.archetypes.jar.LauncherJarPlugin)))[0m
[0m[[0m[0mdebug[0m] [0m[0mClause(Atom(com.typesafe.sbt.packager.linux.LinuxPlugin),Set(Atom(com.typesafe.sbt.packager.universal.UniversalPlugin)))[0m
[0m[[0m[0mdebug[0m] [0m[0mClause(Atom(com.typesafe.sbt.packager.rpm.RpmDeployPlugin),Set(Atom(com.typesafe.sbt.packager.rpm.RpmPlugin)))[0m
[0m[[0m[0mdebug[0m] [0m[0mClause(Atom(com.typesafe.sbt.packager.rpm.RpmPlugin),Set(Atom(com.typesafe.sbt.packager.linux.LinuxPlugin)))[0m
[0m[[0m[0mdebug[0m] [0m[0mClause(Atom(com.typesafe.sbt.packager.universal.UniversalDeployPlugin),Set(Atom(com.typesafe.sbt.packager.universal.UniversalPlugin)))[0m
[0m[[0m[0mdebug[0m] [0m[0mClause(Atom(com.typesafe.sbt.packager.universal.UniversalPlugin),Set(Atom(com.typesafe.sbt.SbtNativePackager)))[0m
[0m[[0m[0mdebug[0m] [0m[0mClause(Atom(com.typesafe.sbt.packager.windows.WindowsDeployPlugin),Set(Atom(com.typesafe.sbt.packager.windows.WindowsPlugin)))[0m
[0m[[0m[0mdebug[0m] [0m[0mClause(Atom(com.typesafe.sbt.packager.windows.WindowsPlugin),Set(Atom(com.typesafe.sbt.packager.universal.UniversalPlugin)))[0m
[0m[[0m[0mdebug[0m] [0m[0mClause(Atom(com.lightbend.sbt.javaagent.JavaAgent),Set(Atom(sbt.plugins.JvmPlugin)))[0m
[0m[[0m[0mdebug[0m] [0m[0mClause(Atom(com.lightbend.sbt.javaagent.JavaAgentPackaging),Set(Atom(com.lightbend.sbt.javaagent.JavaAgent)))[0m
[0m[[0m[0mdebug[0m] [0m[0mClause(Atom(com.lightbend.sbt.javaagent.JavaAgentPackaging),Set(Atom(com.typesafe.sbt.packager.archetypes.JavaAppPackaging)))[0m
[0m[[0m[0mdebug[0m] [0m[0mClause(Atom(com.typesafe.sbt.web.SbtWeb),Set(Atom(sbt.plugins.JvmPlugin)))[0m
[0m[[0m[0mdebug[0m] [0m[0mClause(Atom(com.typesafe.sbt.jse.SbtJsEngine),Set(Atom(com.typesafe.sbt.web.SbtWeb)))[0m
[0m[[0m[0mdebug[0m] [0m[0mClause(Atom(com.typesafe.sbt.jse.SbtJsTask),Set(Atom(com.typesafe.sbt.jse.SbtJsEngine)))[0m
[0m[[0m[0mdebug[0m] [0m[0mClause(Atom(sbt.plugins.CorePlugin),Set(Atom(sbt.plugins.IvyPlugin)))[0m
[0m[[0m[0mdebug[0m] [0m[0mClause(Atom(sbt.plugins.IvyPlugin),Set(Atom(sbt.plugins.JvmPlugin)))[0m
[0m[[0m[0mdebug[0m] [0m[0mClause(Atom(sbt.plugins.JvmPlugin),Set(Atom(sbt.plugins.SemanticdbPlugin)))[0m
[0m[[0m[0mdebug[0m] [0m[0mClause(Atom(sbt.plugins.JvmPlugin),Set(Atom(sbt.plugins.JUnitXmlReportPlugin)))[0m
[0m[[0m[0mdebug[0m] [0m[0mClause(Atom(sbt.plugins.CorePlugin),Set(Atom(sbt.plugins.Giter8TemplatePlugin)))[0m
[0m[[0m[0mdebug[0m] [0m[0mClause(Atom(sbt.plugins.JvmPlugin),Set(Atom(sbt.plugins.MiniDependencyTreePlugin)))[0m
[0m[[0m[0mdebug[0m] [0m[0mClause(Atom(play.sbt.PlayService),Set(Atom(play.sbt.PlayAkkaHttpServer)))[0m
[0m[[0m[0mdebug[0m] [0m[0mClause(Atom(play.sbt.PlayWeb),Set(Atom(play.sbt.PlayFilters)))[0m
[0m[[0m[0mdebug[0m] [0m[0mClause(Atom(play.sbt.PlayWeb),Set(Atom(play.sbt.PlayLayoutPlugin)))[0m
[0m[[0m[0mdebug[0m] [0m[0mClause(Atom(play.sbt.PlayService),Set(Atom(play.sbt.PlayLogback)))[0m
[0m[[0m[0mdebug[0m] [0m[0mClause(Atom(sbt.plugins.JvmPlugin),Set(Atom(giter8.ScaffoldPlugin)))[0m
[0m[[0m[0mdebug[0m] [0m[0mClause(Atom(com.typesafe.sbt.packager.archetypes.JavaAppPackaging),Set(Atom(com.typesafe.sbt.packager.archetypes.scripts.BashStartScriptPlugin)))[0m
[0m[[0m[0mdebug[0m] [0m[0mClause(Atom(com.typesafe.sbt.packager.archetypes.JavaAppPackaging),Set(Atom(com.typesafe.sbt.packager.archetypes.scripts.BatStartScriptPlugin)))[0m
[0m[[0m[0mdebug[0m] [0m[0mClause(And(Set(Atom(com.lightbend.sbt.javaagent.JavaAgent), Atom(com.typesafe.sbt.packager.archetypes.JavaAppPackaging))),Set(Atom(com.lightbend.sbt.javaagent.JavaAgentPackaging)))[0m
[0m[[0m[0mdebug[0m] [0m[0mClause(Atom(com.typesafe.sbt.web.SbtWeb),Set(Atom(com.typesafe.sbt.jse.SbtJsEngine)))[0m
[0m[[0m[0mdebug[0m] [0m[0mClause(Atom(com.typesafe.sbt.jse.SbtJsEngine),Set(Atom(com.typesafe.sbt.jse.SbtJsTask))))[0m
[0m[[0m[0mdebug[0m] [0m[0m  :: deduced result: Matched(sbt.plugins.CorePlugin,play.sbt.PlayScala,sbt.plugins.Giter8TemplatePlugin,sbt.plugins.IvyPlugin,play.sbt.PlayWeb,play.twirl.sbt.SbtTwirl,sbt.plugins.JvmPlugin,play.sbt.PlayService,play.sbt.PlayFilters,play.sbt.PlayLayoutPlugin,play.sbt.routes.RoutesCompiler,com.typesafe.sbt.jse.SbtJsTask,com.typesafe.sbt.packager.archetypes.JavaServerAppPackaging,sbt.plugins.SemanticdbPlugin,sbt.plugins.JUnitXmlReportPlugin,play.sbt.PlayLogback,giter8.ScaffoldPlugin,sbt.plugins.MiniDependencyTreePlugin,com.typesafe.sbt.jse.SbtJsEngine,play.sbt.PlayAkkaHttpServer,com.typesafe.sbt.web.SbtWeb,com.typesafe.sbt.packager.archetypes.JavaAppPackaging,com.typesafe.sbt.packager.rpm.RpmPlugin,com.typesafe.sbt.packager.archetypes.scripts.BashStartScriptPlugin,com.typesafe.sbt.packager.windows.WindowsPlugin,com.typesafe.sbt.packager.archetypes.scripts.BatStartScriptPlugin,com.typesafe.sbt.packager.docker.DockerPlugin,com.typesafe.sbt.packager.debian.DebianPlugin,com.typesafe.sbt.packager.universal.UniversalPlugin,com.typesafe.sbt.packager.linux.LinuxPlugin,com.typesafe.sbt.SbtNativePackager)[0m
[0m[[0m[0mdebug[0m] [0m[0mPlugins.deducer#function took 24.4308 ms[0m
[0m[[0m[0minfo[0m] [0m[0mloading settings for project root from build.sbt ...[0m
[0m[[0m[0mdebug[0m] [0m[0m        Load.resolveProject(root) took 258.353601ms[0m
[0m[[0m[0mdebug[0m] [0m[0m      Load.loadTransitive: finalizeProject(Project(id root, base: C:\Users\vanja\Desktop\diplomski\animalAdoption\animalAdoptionBackend, plugins: List(play.sbt.PlayScala))) took 287.0861ms[0m
[0m[[0m[0mdebug[0m] [0m[0m[Loading] Done in C:\Users\vanja\Desktop\diplomski\animalAdoption\animalAdoptionBackend, returning: (root)[0m
[0m[[0m[0mdebug[0m] [0m[0m    Load.loadUnit: loadedProjectsRaw took 540.861ms[0m
[0m[[0m[0mdebug[0m] [0m[0m    Load.loadUnit: cleanEvalClasses took 7.6006ms[0m
[0m[[0m[0mdebug[0m] [0m[0m  Load.loadUnit(file:/C:/Users/vanja/Desktop/diplomski/animalAdoption/animalAdoptionBackend/, ...) took 2982.6107ms[0m
[0m[[0m[0mdebug[0m] [0m[0mLoad.apply: load took 2986.1438ms[0m
[0m[[0m[0mdebug[0m] [0m[0mLoad.apply: resolveProjects took 0.2086ms[0m
[0m[[0m[0mdebug[0m] [0m[0mLoad.apply: finalTransforms took 44.422ms[0m
[0m[[0m[0mdebug[0m] [0m[0mLoad.apply: config.delegates took 2.1466ms[0m
[0m[[0m[0mdebug[0m] [0m[0mLoad.apply: Def.make(settings)... took 190.245601ms[0m
[0m[[0m[0mdebug[0m] [0m[0mLoad.apply: structureIndex took 75.4491ms[0m
[0m[[0m[0mdebug[0m] [0m[0mLoad.apply: mkStreams took 0.020201ms[0m
[0m[[0m[0minfo[0m] [0m[0m  __              __[0m
[0m[[0m[0minfo[0m] [0m[0m  \ \     ____   / /____ _ __  __[0m
[0m[[0m[0minfo[0m] [0m[0m   \ \   / __ \ / // __ `// / / /[0m
[0m[[0m[0minfo[0m] [0m[0m   / /  / /_/ // // /_/ // /_/ /[0m
[0m[[0m[0minfo[0m] [0m[0m  /_/  / .___//_/ \__,_/ \__, /[0m
[0m[[0m[0minfo[0m] [0m[0m      /_/               /____/[0m
[0m[[0m[0minfo[0m] [0m[0m[0m
[0m[[0m[0minfo[0m] [0m[0mVersion 2.8.20 running Java 11.0.17[0m
[0m[[0m[0minfo[0m] [0m[0m[0m
[0m[[0m[0minfo[0m] [0m[0mPlay is run entirely by the community. Please consider contributing and/or donating:[0m
[0m[[0m[0minfo[0m] [0m[0mhttps://www.playframework.com/sponsors[0m
[0m[[0m[0minfo[0m] [0m[0m[0m
[0m[[0m[0mdebug[0m] [0m[0m> Exec(sbtPopOnFailure, None, None)[0m
[0m[[0m[0mdebug[0m] [0m[0m> Exec(resumeFromFailure, None, None)[0m
[0m[[0m[0mdebug[0m] [0m[0m> Exec(notifyUsersAboutShell, None, None)[0m
[0m[[0m[0mdebug[0m] [0m[0m> Exec(iflast shell, None, None)[0m
[0m[[0m[0mdebug[0m] [0m[0m> Exec(run 9000, None, None)[0m
[0m[[0m[0mdebug[0m] [0m[0mEvaluating tasks: Compile / run[0m
[0m[[0m[0mdebug[0m] [0m[0mRunning task... Cancel: Signal, check cycles: false, forcegc: true[0m
[0m[[0m[0mdebug[0m] [0m[0mRunning task... Cancel: Signal, check cycles: false, forcegc: true[0m
[0m[[0m[0minfo[0m] [0m[0mcompiling 4 Scala sources to C:\Users\vanja\Desktop\diplomski\animalAdoption\animalAdoptionBackend\target\scala-2.13\classes ...[0m
[0m[[0m[31merror[0m] [0m[0mC:\Users\vanja\Desktop\diplomski\animalAdoption\animalAdoptionBackend\app\controllers\AnimalController.scala:124:5: ';' expected but ')' found.[0m
[0m[[0m[31merror[0m] [0m[0m    )[0m
[0m[[0m[31merror[0m] [0m[0m    ^[0m
[0m[[0m[31merror[0m] [0m[0mone error found[0m
[0m[[0m[31merror[0m] [0m[0m(Compile / [31mcompileIncremental[0m) Compilation failed[0m
[0m[[0m[0mdebug[0m] [0m[0mRunning task... Cancel: Signal, check cycles: false, forcegc: true[0m
[0m[[0m[0mdebug[0m] [0m[0mRunning task... Cancel: Signal, check cycles: false, forcegc: true[0m
[0m[[0m[0mdebug[0m] [0m[0mRunning task... Cancel: Signal, check cycles: false, forcegc: true[0m
[0m[[0m[0minfo[0m] [0m[0mcompiling 4 Scala sources to C:\Users\vanja\Desktop\diplomski\animalAdoption\animalAdoptionBackend\target\scala-2.13\classes ...[0m
[0m[[0m[33mwarn[0m] [0m[0mC:\Users\vanja\Desktop\diplomski\animalAdoption\animalAdoptionBackend\app\controllers\AnimalController.scala:49:19: Auto-application to `()` is deprecated. Supply the empty argument list `()` explicitly to invoke method readAll,[0m
[0m[[0m[33mwarn[0m] [0m[0mor remove the empty argument list from its definition (Java-defined methods are exempt).[0m
[0m[[0m[33mwarn[0m] [0m[0mIn Scala 3, an unapplied method like this will be eta-expanded into a function.[0m
[0m[[0m[33mwarn[0m] [0m[0m    animalService.readAll.map(res =>[0m
[0m[[0m[33mwarn[0m] [0m[0m                  ^[0m
[0m[[0m[33mwarn[0m] [0m[0mC:\Users\vanja\Desktop\diplomski\animalAdoption\animalAdoptionBackend\app\controllers\AnimalController.scala:75:19: Auto-application to `()` is deprecated. Supply the empty argument list `()` explicitly to invoke method readAllUnadoptedAnimals,[0m
[0m[[0m[33mwarn[0m] [0m[0mor remove the empty argument list from its definition (Java-defined methods are exempt).[0m
[0m[[0m[33mwarn[0m] [0m[0mIn Scala 3, an unapplied method like this will be eta-expanded into a function.[0m
[0m[[0m[33mwarn[0m] [0m[0m    animalService.readAllUnadoptedAnimals.map(res =>[0m
[0m[[0m[33mwarn[0m] [0m[0m                  ^[0m
[0m[[0m[33mwarn[0m] [0m[0mtwo warnings found[0m
[0m[[0m[0mdebug[0m] [0m[0mRunning task... Cancel: Signal, check cycles: false, forcegc: true[0m
[0m[[0m[0mdebug[0m] [0m[0mExporting web-assets:animaladoption[0m
[0m[[0m[0mdebug[0m] [0m[0mRunning task... Cancel: Signal, check cycles: false, forcegc: true[0m
[0m[[0m[0mdebug[0m] [0m[0mRunning task... Cancel: Signal, check cycles: false, forcegc: true[0m
[0m[[0m[0minfo[0m] [0m[0mcompiling 1 Scala source to C:\Users\vanja\Desktop\diplomski\animalAdoption\animalAdoptionBackend\target\scala-2.13\classes ...[0m
[0m[[0m[33mwarn[0m] [0m[0mC:\Users\vanja\Desktop\diplomski\animalAdoption\animalAdoptionBackend\app\controllers\AnimalController.scala:49:19: Auto-application to `()` is deprecated. Supply the empty argument list `()` explicitly to invoke method readAll,[0m
[0m[[0m[33mwarn[0m] [0m[0mor remove the empty argument list from its definition (Java-defined methods are exempt).[0m
[0m[[0m[33mwarn[0m] [0m[0mIn Scala 3, an unapplied method like this will be eta-expanded into a function.[0m
[0m[[0m[33mwarn[0m] [0m[0m    animalService.readAll.map(res =>[0m
[0m[[0m[33mwarn[0m] [0m[0m                  ^[0m
[0m[[0m[33mwarn[0m] [0m[0mC:\Users\vanja\Desktop\diplomski\animalAdoption\animalAdoptionBackend\app\controllers\AnimalController.scala:75:19: Auto-application to `()` is deprecated. Supply the empty argument list `()` explicitly to invoke method readAllUnadoptedAnimals,[0m
[0m[[0m[33mwarn[0m] [0m[0mor remove the empty argument list from its definition (Java-defined methods are exempt).[0m
[0m[[0m[33mwarn[0m] [0m[0mIn Scala 3, an unapplied method like this will be eta-expanded into a function.[0m
[0m[[0m[33mwarn[0m] [0m[0m    animalService.readAllUnadoptedAnimals.map(res =>[0m
[0m[[0m[33mwarn[0m] [0m[0m                  ^[0m
[0m[[0m[33mwarn[0m] [0m[0mtwo warnings found[0m
[0m[[0m[0mdebug[0m] [0m[0mForcing garbage collection...[0m
[0m[[0m[0mdebug[0m] [0m[0mRunning task... Cancel: Signal, check cycles: false, forcegc: true[0m
[0m[[0m[0mdebug[0m] [0m[0mExporting web-assets:animaladoption[0m
[0m[[0m[0mdebug[0m] [0m[0mRunning task... Cancel: Signal, check cycles: false, forcegc: true[0m
